2019-11-13 09:37:09.261  INFO 19084 --- [main] com.stamper.yx.common.CommonApplication  : No active profile set, falling back to default profiles: default
2019-11-13 09:37:09.279  INFO 19084 --- [main] ConfigServletWebServerApplicationContext : Refreshing org.springframework.boot.web.servlet.context.AnnotationConfigServletWebServerApplicationContext@432866: startup date [Wed Nov 13 09:37:09 CST 2019]; parent: org.springframework.context.annotation.AnnotationConfigApplicationContext@1f259c3
2019-11-13 09:37:09.815  WARN 19084 --- [main] o.m.s.mapper.ClassPathMapperScanner      : Skipping MapperFactoryBean with name 'mySealRecordInfoMapper' and 'com.stamper.yx.common.mapper.mysql.MySealRecordInfoMapper' mapperInterface. Bean already defined with the same name!
2019-11-13 09:37:09.816  WARN 19084 --- [main] o.m.s.mapper.ClassPathMapperScanner      : Skipping MapperFactoryBean with name 'mySignetMapper' and 'com.stamper.yx.common.mapper.mysql.MySignetMapper' mapperInterface. Bean already defined with the same name!
2019-11-13 09:37:09.816  WARN 19084 --- [main] o.m.s.mapper.ClassPathMapperScanner      : Skipping MapperFactoryBean with name 'mysqlFileInfoMapper' and 'com.stamper.yx.common.mapper.mysql.MysqlFileInfoMapper' mapperInterface. Bean already defined with the same name!
2019-11-13 09:37:09.816  WARN 19084 --- [main] o.m.s.mapper.ClassPathMapperScanner      : Skipping MapperFactoryBean with name 'configMapper' and 'com.stamper.yx.common.mapper.sqlite.ConfigMapper' mapperInterface. Bean already defined with the same name!
2019-11-13 09:37:09.816  WARN 19084 --- [main] o.m.s.mapper.ClassPathMapperScanner      : Skipping MapperFactoryBean with name 'deviceMessageMapper' and 'com.stamper.yx.common.mapper.sqlite.DeviceMessageMapper' mapperInterface. Bean already defined with the same name!
2019-11-13 09:37:09.816  WARN 19084 --- [main] o.m.s.mapper.ClassPathMapperScanner      : Skipping MapperFactoryBean with name 'meterMapper' and 'com.stamper.yx.common.mapper.sqlite.MeterMapper' mapperInterface. Bean already defined with the same name!
2019-11-13 09:37:09.816  WARN 19084 --- [main] o.m.s.mapper.ClassPathMapperScanner      : Skipping MapperFactoryBean with name 'orderLogMapper' and 'com.stamper.yx.common.mapper.sqlite.OrderLogMapper' mapperInterface. Bean already defined with the same name!
2019-11-13 09:37:09.816  WARN 19084 --- [main] o.m.s.mapper.ClassPathMapperScanner      : Skipping MapperFactoryBean with name 'signetMapper' and 'com.stamper.yx.common.mapper.sqlite.SignetMapper' mapperInterface. Bean already defined with the same name!
2019-11-13 09:37:09.816  WARN 19084 --- [main] o.m.s.mapper.ClassPathMapperScanner      : Skipping MapperFactoryBean with name 'signetMeterMapper' and 'com.stamper.yx.common.mapper.sqlite.SignetMeterMapper' mapperInterface. Bean already defined with the same name!
2019-11-13 09:37:09.816  WARN 19084 --- [main] o.m.s.mapper.ClassPathMapperScanner      : Skipping MapperFactoryBean with name 'userMapper' and 'com.stamper.yx.common.mapper.sqlite.UserMapper' mapperInterface. Bean already defined with the same name!
2019-11-13 09:37:09.817  WARN 19084 --- [main] o.m.s.mapper.ClassPathMapperScanner      : No MyBatis mapper was found in '[com.stamper.yx.common.mapper]' package. Please check your configuration.
2019-11-13 09:37:09.971  INFO 19084 --- [main] o.s.i.config.IntegrationRegistrar        : No bean named 'integrationHeaderChannelRegistry' has been explicitly defined. Therefore, a default DefaultHeaderChannelRegistry will be created.
2019-11-13 09:37:10.022  INFO 19084 --- [main] a.ConfigurationClassBeanDefinitionReader : Skipping bean definition for [BeanMethod:name=configurableCompositeMessageConverter,declaringClass=org.springframework.cloud.stream.config.ContentTypeConfiguration]: a definition for bean 'integrationArgumentResolverMessageConverter' already exists. This top-level bean definition is considered as an override.
2019-11-13 09:37:10.241  INFO 19084 --- [main] o.s.cloud.context.scope.GenericScope     : BeanFactory id=81dd212d-fd58-3024-9914-9a1e06cd7a80
2019-11-13 09:37:10.258  INFO 19084 --- [main] faultConfiguringBeanFactoryPostProcessor : No bean named 'errorChannel' has been explicitly defined. Therefore, a default PublishSubscribeChannel will be created.
2019-11-13 09:37:10.263  INFO 19084 --- [main] faultConfiguringBeanFactoryPostProcessor : No bean named 'taskScheduler' has been explicitly defined. Therefore, a default ThreadPoolTaskScheduler will be created.
2019-11-13 09:37:10.363  INFO 19084 --- [main] trationDelegate$BeanPostProcessorChecker : Bean 'org.springframework.amqp.rabbit.annotation.RabbitBootstrapConfiguration' of type [org.springframework.amqp.rabbit.annotation.RabbitBootstrapConfiguration$$EnhancerBySpringCGLIB$$9132193a] is not eligible for getting processed by all BeanPostProcessors (for example: not eligible for auto-proxying)
2019-11-13 09:37:10.400  INFO 19084 --- [main] trationDelegate$BeanPostProcessorChecker : Bean 'org.springframework.integration.config.IntegrationManagementConfiguration' of type [org.springframework.integration.config.IntegrationManagementConfiguration$$EnhancerBySpringCGLIB$$35b8163b] is not eligible for getting processed by all BeanPostProcessors (for example: not eligible for auto-proxying)
2019-11-13 09:37:10.415  INFO 19084 --- [main] trationDelegate$BeanPostProcessorChecker : Bean 'org.springframework.transaction.annotation.ProxyTransactionManagementConfiguration' of type [org.springframework.transaction.annotation.ProxyTransactionManagementConfiguration$$EnhancerBySpringCGLIB$$cac65b0c] is not eligible for getting processed by all BeanPostProcessors (for example: not eligible for auto-proxying)
2019-11-13 09:37:10.502  INFO 19084 --- [main] trationDelegate$BeanPostProcessorChecker : Bean 'org.springframework.cloud.autoconfigure.ConfigurationPropertiesRebinderAutoConfiguration' of type [org.springframework.cloud.autoconfigure.ConfigurationPropertiesRebinderAutoConfiguration$$EnhancerBySpringCGLIB$$e6e05e09] is not eligible for getting processed by all BeanPostProcessors (for example: not eligible for auto-proxying)
2019-11-13 09:37:11.614  INFO 19084 --- [main] o.s.b.w.embedded.tomcat.TomcatWebServer  : Tomcat initialized with port(s): 8888 (http)
2019-11-13 09:37:11.642  INFO 19084 --- [main] o.apache.catalina.core.StandardService   : Starting service [Tomcat]
2019-11-13 09:37:11.642  INFO 19084 --- [main] org.apache.catalina.core.StandardEngine  : Starting Servlet Engine: Apache Tomcat/8.5.32
2019-11-13 09:37:11.646  INFO 19084 --- [localhost-startStop-1] o.a.catalina.core.AprLifecycleListener   : The APR based Apache Tomcat Native library which allows optimal performance in production environments was not found on the java.library.path: [D:\Program Files (x86)\Java\jdk1.8.0_40\bin;C:\Windows\Sun\Java\bin;C:\Windows\system32;C:\Windows;D:\Program Files (x86)\NetSarang\Xftp 6\;D:\Program Files (x86)\NetSarang\Xshell 6\;C:\Windows\system32;C:\Windows;C:\Windows\System32\Wbem;C:\Windows\System32\WindowsPowerShell\v1.0\;C:\Windows\System32\OpenSSH\;C:\Program Files (x86)\NVIDIA Corporation\PhysX\Common;C:\Program Files\NVIDIA Corporation\NVIDIA NGX;C:\Program Files\NVIDIA Corporation\NVIDIA NvDLISR;D:\Program Files\Git\cmd;D:\Program Files\MySQL\MySQL Server 5.5\bin;D:\Program Files\Java\jdk1.8.0_202\bin;D:\Program Files\Java\jdk1.8.0_202\jre\bin;%M2_HOME%\bin;D:\Program Files\nodejs\;D:\Program Files\Redis\;D:\Program Files\TortoiseGit\bin;D:\Program Files (x86)\WinSCP\;D:\Program Files\erl10.4\bin;E:\tools\apache-jmeter-5.1.1\bin;D:\Sqlite;D:\Go\bin;F:\GoWork\bin;D:\Program Files\PuTTY\;C:\Users\wqs\AppData\Local\Microsoft\WindowsApps;C:\Users\wqs\AppData\Roaming\npm;D:\Program Files\Microsoft VS Code\bin;C:\Users\wqs\go\bin;.]
2019-11-13 09:37:11.796  INFO 19084 --- [localhost-startStop-1] o.a.c.c.C.[Tomcat].[localhost].[/]       : Initializing Spring embedded WebApplicationContext
2019-11-13 09:37:11.796  INFO 19084 --- [localhost-startStop-1] o.s.web.context.ContextLoader            : Root WebApplicationContext: initialization completed in 2517 ms
2019-11-13 09:37:11.962  INFO 19084 --- [localhost-startStop-1] o.s.b.w.servlet.FilterRegistrationBean   : Mapping filter: 'characterEncodingFilter' to: [/*]
2019-11-13 09:37:11.962  INFO 19084 --- [localhost-startStop-1] o.s.b.w.servlet.FilterRegistrationBean   : Mapping filter: 'hiddenHttpMethodFilter' to: [/*]
2019-11-13 09:37:11.962  INFO 19084 --- [localhost-startStop-1] o.s.b.w.servlet.FilterRegistrationBean   : Mapping filter: 'httpPutFormContentFilter' to: [/*]
2019-11-13 09:37:11.963  INFO 19084 --- [localhost-startStop-1] o.s.b.w.servlet.FilterRegistrationBean   : Mapping filter: 'requestContextFilter' to: [/*]
2019-11-13 09:37:11.963  INFO 19084 --- [localhost-startStop-1] o.s.b.w.servlet.FilterRegistrationBean   : Mapping filter: 'yxFilter' to urls: [/yunxi/*]
2019-11-13 09:37:11.963  INFO 19084 --- [localhost-startStop-1] o.s.b.w.servlet.FilterRegistrationBean   : Mapping filter: 'signetFilter' to urls: [/device/*]
2019-11-13 09:37:11.963  INFO 19084 --- [localhost-startStop-1] o.s.b.w.servlet.ServletRegistrationBean  : Servlet dispatcherServlet mapped to [/]
2019-11-13 09:37:12.392  INFO 19084 --- [main] o.s.s.concurrent.ThreadPoolTaskExecutor  : Initializing ExecutorService  'taskExecutor'
2019-11-13 09:37:12.714  INFO 19084 --- [main] o.s.w.s.handler.SimpleUrlHandlerMapping  : Mapped URL path [/**/favicon.ico] onto handler of type [class org.springframework.web.servlet.resource.ResourceHttpRequestHandler]
2019-11-13 09:37:12.848  INFO 19084 --- [main] s.w.s.m.m.a.RequestMappingHandlerAdapter : Looking for @ControllerAdvice: org.springframework.boot.web.servlet.context.AnnotationConfigServletWebServerApplicationContext@432866: startup date [Wed Nov 13 09:37:09 CST 2019]; parent: org.springframework.context.annotation.AnnotationConfigApplicationContext@1f259c3
2019-11-13 09:37:12.913  INFO 19084 --- [main] s.w.s.m.m.a.RequestMappingHandlerMapping : Mapped "{[/device/deviceCallBack/res]}" onto public com.stamper.yx.common.sys.response.ResultVO com.stamper.yx.common.controller.CallBackController.res(java.lang.String,java.lang.String)
2019-11-13 09:37:12.914  INFO 19084 --- [main] s.w.s.m.m.a.RequestMappingHandlerMapping : Mapped "{[/device/deviceCallBack/moduleCallback]}" onto public com.stamper.yx.common.sys.response.ResultVO com.stamper.yx.common.controller.CallBackController.moduleCallbackInfo(java.lang.String,java.lang.String,java.lang.String)
2019-11-13 09:37:12.915  INFO 19084 --- [main] s.w.s.m.m.a.RequestMappingHandlerMapping : Mapped "{[/device/config/getConfigByUUID],methods=[POST || GET]}" onto public com.stamper.yx.common.sys.response.ResultVO com.stamper.yx.common.controller.ConfigController.getConfigByUUID(java.lang.String)
2019-11-13 09:37:12.916  INFO 19084 --- [main] s.w.s.m.m.a.RequestMappingHandlerMapping : Mapped "{[/device/config/updateAPK],methods=[POST || GET]}" onto public com.stamper.yx.common.entity.deviceModel.UpdateAPK com.stamper.yx.common.controller.ConfigController.updateAPK(java.lang.String)
2019-11-13 09:37:12.916  INFO 19084 --- [main] s.w.s.m.m.a.RequestMappingHandlerMapping : Mapped "{[/device/config/updateConfigByUUID],methods=[POST || GET]}" onto public com.stamper.yx.common.sys.response.ResultVO com.stamper.yx.common.controller.ConfigController.updateConfig(com.stamper.yx.common.entity.Config,java.lang.String)
2019-11-13 09:37:12.916  INFO 19084 --- [main] s.w.s.m.m.a.RequestMappingHandlerMapping : Mapped "{[/device/config/addConfigError],methods=[POST || GET]}" onto public com.stamper.yx.common.sys.response.ResultVO com.stamper.yx.common.controller.ConfigController.addConfigError(org.springframework.web.multipart.MultipartFile)
2019-11-13 09:37:12.917  INFO 19084 --- [main] s.w.s.m.m.a.RequestMappingHandlerMapping : Mapped "{[/device/finger/del],methods=[POST]}" onto public com.stamper.yx.common.sys.response.ResultVO com.stamper.yx.common.controller.FingerController.fingerDel(java.lang.Integer,java.lang.Integer,java.lang.Integer)
2019-11-13 09:37:12.917  INFO 19084 --- [main] s.w.s.m.m.a.RequestMappingHandlerMapping : Mapped "{[/device/finger/add],methods=[POST]}" onto public com.stamper.yx.common.sys.response.ResultVO com.stamper.yx.common.controller.FingerController.fingerPrint(java.lang.Integer,java.lang.Integer,java.lang.Integer,java.lang.String)
2019-11-13 09:37:12.917  INFO 19084 --- [main] s.w.s.m.m.a.RequestMappingHandlerMapping : Mapped "{[/device/finger/clean],methods=[POST]}" onto public com.stamper.yx.common.sys.response.ResultVO com.stamper.yx.common.controller.FingerController.fingerClean(java.lang.Integer)
2019-11-13 09:37:12.918  INFO 19084 --- [main] s.w.s.m.m.a.RequestMappingHandlerMapping : Mapped "{[/meter/relevance/getAll],methods=[GET]}" onto public com.stamper.yx.common.sys.response.ResultVO com.stamper.yx.common.controller.MeterController.getAll()
2019-11-13 09:37:12.918  INFO 19084 --- [main] s.w.s.m.m.a.RequestMappingHandlerMapping : Mapped "{[/meter/relevance/bind],methods=[POST]}" onto public com.stamper.yx.common.sys.response.ResultVO com.stamper.yx.common.controller.MeterController.bind(java.lang.Integer,java.lang.Integer)
2019-11-13 09:37:12.918  INFO 19084 --- [main] s.w.s.m.m.a.RequestMappingHandlerMapping : Mapped "{[/meter/relevance/reg],methods=[POST]}" onto public com.stamper.yx.common.sys.response.ResultVO com.stamper.yx.common.controller.MeterController.reg(com.stamper.yx.common.entity.Meter)
2019-11-13 09:37:12.918  INFO 19084 --- [main] s.w.s.m.m.a.RequestMappingHandlerMapping : Mapped "{[/meter/relevance/checkBindInfo],methods=[GET]}" onto public com.stamper.yx.common.sys.response.ResultVO com.stamper.yx.common.controller.MeterController.checkBindInfo()
2019-11-13 09:37:12.920  INFO 19084 --- [main] s.w.s.m.m.a.RequestMappingHandlerMapping : Mapped "{[/rabbitmq/listener/setup]}" onto public com.stamper.yx.common.sys.response.ResultVO com.stamper.yx.common.controller.RabbitMqStart.setup(int,int)
2019-11-13 09:37:12.920  INFO 19084 --- [main] s.w.s.m.m.a.RequestMappingHandlerMapping : Mapped "{[/rabbitmq/listener/start]}" onto public com.stamper.yx.common.sys.response.ResultVO com.stamper.yx.common.controller.RabbitMqStart.start()
2019-11-13 09:37:12.920  INFO 19084 --- [main] s.w.s.m.m.a.RequestMappingHandlerMapping : Mapped "{[/rabbitmq/listener/stop]}" onto public com.stamper.yx.common.sys.response.ResultVO com.stamper.yx.common.controller.RabbitMqStart.stop()
2019-11-13 09:37:12.921  INFO 19084 --- [main] s.w.s.m.m.a.RequestMappingHandlerMapping : Mapped "{[/device/sealRecordInfo/meter],methods=[POST]}" onto public java.lang.String com.stamper.yx.common.controller.SealRecordInfoController.eloamImageReceive(org.springframework.web.multipart.MultipartFile,java.lang.Integer)
2019-11-13 09:37:12.921  INFO 19084 --- [main] s.w.s.m.m.a.RequestMappingHandlerMapping : Mapped "{[/device/sealRecordInfo/getInfoList],methods=[POST]}" onto public com.stamper.yx.common.sys.response.ResultVO com.stamper.yx.common.controller.SealRecordInfoController.getSealRecordInfoList(java.lang.Integer)
2019-11-13 09:37:12.921  INFO 19084 --- [main] s.w.s.m.m.a.RequestMappingHandlerMapping : Mapped "{[/device/sealRecordInfo/addAuditInfo],methods=[POST]}" onto public java.lang.String com.stamper.yx.common.controller.SealRecordInfoController.addAuditInfo(com.stamper.yx.common.entity.SealRecordInfo)
2019-11-13 09:37:12.921  INFO 19084 --- [main] s.w.s.m.m.a.RequestMappingHandlerMapping : Mapped "{[/device/sealRecordInfo/addEasyInfo],methods=[POST]}" onto public java.lang.String com.stamper.yx.common.controller.SealRecordInfoController.addEasyInfo(com.stamper.yx.common.entity.SealRecordInfo)
2019-11-13 09:37:12.922  INFO 19084 --- [main] s.w.s.m.m.a.RequestMappingHandlerMapping : Mapped "{[/device/sealRecordInfo/addNormalInfo],methods=[POST]}" onto public java.lang.String com.stamper.yx.common.controller.SealRecordInfoController.addNormalInfo(com.stamper.yx.common.entity.SealRecordInfo)
2019-11-13 09:37:12.923  INFO 19084 --- [main] s.w.s.m.m.a.RequestMappingHandlerMapping : Mapped "{[/device/getAll],methods=[GET]}" onto public com.stamper.yx.common.sys.response.ResultVO com.stamper.yx.common.controller.SignetController.getAll()
2019-11-13 09:37:12.924  INFO 19084 --- [main] s.w.s.m.m.a.RequestMappingHandlerMapping : Mapped "{[/device/changePattern],methods=[POST]}" onto public com.stamper.yx.common.sys.response.ResultVO com.stamper.yx.common.controller.SignetController.deviceChangePattern(java.lang.Integer,java.lang.Integer)
2019-11-13 09:37:12.924  INFO 19084 --- [main] s.w.s.m.m.a.RequestMappingHandlerMapping : Mapped "{[/device/isOnline]}" onto public com.stamper.yx.common.sys.response.ResultVO com.stamper.yx.common.controller.SignetController.deviceIsOnline(java.lang.Integer)
2019-11-13 09:37:12.924  INFO 19084 --- [main] s.w.s.m.m.a.RequestMappingHandlerMapping : Mapped "{[/device/getAccessToken],methods=[POST]}" onto public com.stamper.yx.common.sys.response.ResultVO com.stamper.yx.common.controller.SignetController.getAccessToken(java.lang.String)
2019-11-13 09:37:12.924  INFO 19084 --- [main] s.w.s.m.m.a.RequestMappingHandlerMapping : Mapped "{[/device/getAesKey]}" onto public com.stamper.yx.common.sys.response.ResultVO com.stamper.yx.common.controller.SignetController.getAesKey(java.lang.Integer)
2019-11-13 09:37:12.924  INFO 19084 --- [main] s.w.s.m.m.a.RequestMappingHandlerMapping : Mapped "{[/device/pushApplication],methods=[POST]}" onto public com.stamper.yx.common.sys.response.ResultVO com.stamper.yx.common.controller.SignetController.pushApplication(java.lang.Integer,java.lang.String,java.lang.Integer,java.lang.Integer,java.lang.String,java.lang.Integer,java.lang.Integer)
2019-11-13 09:37:12.925  INFO 19084 --- [main] s.w.s.m.m.a.RequestMappingHandlerMapping : Mapped "{[/device/endApplication],methods=[POST]}" onto public com.stamper.yx.common.sys.response.ResultVO com.stamper.yx.common.controller.SignetController.endApplication(java.lang.Integer,java.lang.Integer,java.lang.Integer)
2019-11-13 09:37:12.925  INFO 19084 --- [main] s.w.s.m.m.a.RequestMappingHandlerMapping : Mapped "{[/device/reset],methods=[POST]}" onto public com.stamper.yx.common.sys.response.ResultVO com.stamper.yx.common.controller.SignetController.endApplication(java.lang.Integer,java.lang.Integer,java.lang.String)
2019-11-13 09:37:12.925  INFO 19084 --- [main] s.w.s.m.m.a.RequestMappingHandlerMapping : Mapped "{[/device/setWifiLink],methods=[POST]}" onto public com.stamper.yx.common.sys.response.ResultVO com.stamper.yx.common.controller.SignetController.setWifiLink(java.lang.Integer,java.lang.Integer,java.lang.String,java.lang.String)
2019-11-13 09:37:12.925  INFO 19084 --- [main] s.w.s.m.m.a.RequestMappingHandlerMapping : Mapped "{[/device/setRemoteLock],methods=[POST]}" onto public com.stamper.yx.common.sys.response.ResultVO com.stamper.yx.common.controller.SignetController.setRemoteLock(java.lang.Integer,java.lang.Integer)
2019-11-13 09:37:12.925  INFO 19084 --- [main] s.w.s.m.m.a.RequestMappingHandlerMapping : Mapped "{[/device/getWifiList],methods=[POST]}" onto public com.stamper.yx.common.sys.response.ResultVO com.stamper.yx.common.controller.SignetController.getWifiList(java.lang.Integer,java.lang.Integer)
2019-11-13 09:37:12.926  INFO 19084 --- [main] s.w.s.m.m.a.RequestMappingHandlerMapping : Mapped "{[/device/setSleepTimes],methods=[POST]}" onto public com.stamper.yx.common.sys.response.ResultVO com.stamper.yx.common.controller.SignetController.setSleepTimes(java.lang.Integer,java.lang.Integer)
2019-11-13 09:37:12.926  INFO 19084 --- [main] s.w.s.m.m.a.RequestMappingHandlerMapping : Mapped "{[/device/closeWifiLink],methods=[POST]}" onto public com.stamper.yx.common.sys.response.ResultVO com.stamper.yx.common.controller.SignetController.closeWifiLink(java.lang.Integer,java.lang.Integer,java.lang.String,java.lang.String)
2019-11-13 09:37:12.926  INFO 19084 --- [main] s.w.s.m.m.a.RequestMappingHandlerMapping : Mapped "{[/device/unlockById],methods=[POST]}" onto public com.stamper.yx.common.sys.response.ResultVO com.stamper.yx.common.controller.SignetController.deviceUnlock(java.lang.Integer,java.lang.Integer,java.lang.String)
2019-11-13 09:37:12.928  INFO 19084 --- [main] s.w.s.m.m.a.RequestMappingHandlerMapping : Mapped "{[/device/mq/changePattern],methods=[POST]}" onto public com.stamper.yx.common.sys.response.ResultVO com.stamper.yx.common.controller.SignetMqSendController.deviceChangePattern(java.lang.Integer,java.lang.Integer)
2019-11-13 09:37:12.928  INFO 19084 --- [main] s.w.s.m.m.a.RequestMappingHandlerMapping : Mapped "{[/device/mq/finger/del],methods=[POST]}" onto public com.stamper.yx.common.sys.response.ResultVO com.stamper.yx.common.controller.SignetMqSendController.fingerDel(java.lang.Integer,java.lang.Integer,java.lang.Integer)
2019-11-13 09:37:12.928  INFO 19084 --- [main] s.w.s.m.m.a.RequestMappingHandlerMapping : Mapped "{[/device/mq/finger/add],methods=[POST]}" onto public com.stamper.yx.common.sys.response.ResultVO com.stamper.yx.common.controller.SignetMqSendController.fingerPrint(java.lang.Integer,java.lang.Integer,java.lang.Integer,java.lang.String)
2019-11-13 09:37:12.928  INFO 19084 --- [main] s.w.s.m.m.a.RequestMappingHandlerMapping : Mapped "{[/device/mq/finger/clean],methods=[POST]}" onto public com.stamper.yx.common.sys.response.ResultVO com.stamper.yx.common.controller.SignetMqSendController.fingerClean(java.lang.Integer)
2019-11-13 09:37:12.928  INFO 19084 --- [main] s.w.s.m.m.a.RequestMappingHandlerMapping : Mapped "{[/device/mq/pushApplication],methods=[POST]}" onto public com.stamper.yx.common.sys.response.ResultVO com.stamper.yx.common.controller.SignetMqSendController.pushApplication(java.lang.Integer,java.lang.String,java.lang.Integer,java.lang.Integer,java.lang.String,java.lang.Integer,java.lang.Integer)
2019-11-13 09:37:12.928  INFO 19084 --- [main] s.w.s.m.m.a.RequestMappingHandlerMapping : Mapped "{[/device/mq/endApplication],methods=[POST]}" onto public com.stamper.yx.common.sys.response.ResultVO com.stamper.yx.common.controller.SignetMqSendController.endApplication(java.lang.Integer,java.lang.Integer,java.lang.Integer)
2019-11-13 09:37:12.929  INFO 19084 --- [main] s.w.s.m.m.a.RequestMappingHandlerMapping : Mapped "{[/device/mq/reset],methods=[POST]}" onto public com.stamper.yx.common.sys.response.ResultVO com.stamper.yx.common.controller.SignetMqSendController.endApplication(java.lang.Integer,java.lang.Integer,java.lang.String)
2019-11-13 09:37:12.929  INFO 19084 --- [main] s.w.s.m.m.a.RequestMappingHandlerMapping : Mapped "{[/device/mq/setWifiLink],methods=[POST]}" onto public com.stamper.yx.common.sys.response.ResultVO com.stamper.yx.common.controller.SignetMqSendController.setWifiLink(java.lang.Integer,java.lang.Integer,java.lang.String,java.lang.String)
2019-11-13 09:37:12.929  INFO 19084 --- [main] s.w.s.m.m.a.RequestMappingHandlerMapping : Mapped "{[/device/mq/setRemoteLock],methods=[POST]}" onto public com.stamper.yx.common.sys.response.ResultVO com.stamper.yx.common.controller.SignetMqSendController.setRemoteLock(java.lang.Integer,java.lang.Integer)
2019-11-13 09:37:12.929  INFO 19084 --- [main] s.w.s.m.m.a.RequestMappingHandlerMapping : Mapped "{[/device/mq/getWifiList],methods=[POST]}" onto public com.stamper.yx.common.sys.response.ResultVO com.stamper.yx.common.controller.SignetMqSendController.getWifiList(java.lang.Integer,java.lang.Integer)
2019-11-13 09:37:12.929  INFO 19084 --- [main] s.w.s.m.m.a.RequestMappingHandlerMapping : Mapped "{[/device/mq/setSleepTimes],methods=[POST]}" onto public com.stamper.yx.common.sys.response.ResultVO com.stamper.yx.common.controller.SignetMqSendController.setSleepTimes(java.lang.Integer,java.lang.Integer)
2019-11-13 09:37:12.929  INFO 19084 --- [main] s.w.s.m.m.a.RequestMappingHandlerMapping : Mapped "{[/device/mq/closeWifiLink],methods=[POST]}" onto public com.stamper.yx.common.sys.response.ResultVO com.stamper.yx.common.controller.SignetMqSendController.closeWifiLink(java.lang.Integer,java.lang.Integer,java.lang.String,java.lang.String)
2019-11-13 09:37:12.929  INFO 19084 --- [main] s.w.s.m.m.a.RequestMappingHandlerMapping : Mapped "{[/device/mq/unlockById],methods=[POST]}" onto public com.stamper.yx.common.sys.response.ResultVO com.stamper.yx.common.controller.SignetMqSendController.deviceUnlock(java.lang.Integer,java.lang.Integer,java.lang.String)
2019-11-13 09:37:12.931  INFO 19084 --- [main] s.w.s.m.m.a.RequestMappingHandlerMapping : Mapped "{[/yunxi/signetList],methods=[GET]}" onto public java.lang.String com.stamper.yx.common.controller.SignetMVCController.list(org.springframework.ui.Model)
2019-11-13 09:37:12.932  INFO 19084 --- [main] s.w.s.m.m.a.RequestMappingHandlerMapping : Mapped "{[/yunxi/getMysqlSignetById],methods=[POST]}" onto public com.stamper.yx.common.sys.response.ResultVO com.stamper.yx.common.controller.SignetMVCController.getMysqlSignetById(java.lang.Integer)
2019-11-13 09:37:12.932  INFO 19084 --- [main] s.w.s.m.m.a.RequestMappingHandlerMapping : Mapped "{[/yunxi/getSignetConfigById],methods=[POST]}" onto public com.stamper.yx.common.sys.response.ResultVO com.stamper.yx.common.controller.SignetMVCController.getSignetInfoById(java.lang.Integer)
2019-11-13 09:37:12.932  INFO 19084 --- [main] s.w.s.m.m.a.RequestMappingHandlerMapping : Mapped "{[/signOut],methods=[GET]}" onto public java.lang.String com.stamper.yx.common.controller.SignetMVCController.signOut(javax.servlet.http.HttpSession)
2019-11-13 09:37:12.932  INFO 19084 --- [main] s.w.s.m.m.a.RequestMappingHandlerMapping : Mapped "{[/yunxi/MysqlsignetList],methods=[GET]}" onto public java.lang.String com.stamper.yx.common.controller.SignetMVCController.Mysqllist(org.springframework.ui.Model)
2019-11-13 09:37:12.933  INFO 19084 --- [main] s.w.s.m.m.a.RequestMappingHandlerMapping : Mapped "{[/signets/get],methods=[POST]}" onto public com.stamper.yx.common.sys.response.ResultVO com.stamper.yx.common.controller.SignetMysqlController.get(com.stamper.yx.common.entity.Signet)
2019-11-13 09:37:12.933  INFO 19084 --- [main] s.w.s.m.m.a.RequestMappingHandlerMapping : Mapped "{[/signets/update],methods=[POST]}" onto public com.stamper.yx.common.sys.response.ResultVO com.stamper.yx.common.controller.SignetMysqlController.update(com.stamper.yx.common.entity.Signet)
2019-11-13 09:37:12.933  INFO 19084 --- [main] s.w.s.m.m.a.RequestMappingHandlerMapping : Mapped "{[/signets/getAll],methods=[POST]}" onto public com.stamper.yx.common.sys.response.ResultVO com.stamper.yx.common.controller.SignetMysqlController.getAlls()
2019-11-13 09:37:12.934  INFO 19084 --- [main] s.w.s.m.m.a.RequestMappingHandlerMapping : Mapped "{[/user/login],methods=[POST]}" onto public java.lang.String com.stamper.yx.common.controller.UserController.loginV1(java.lang.String,java.lang.String,javax.servlet.http.HttpSession,java.util.Map<java.lang.String, java.lang.Object>)
2019-11-13 09:37:12.934  INFO 19084 --- [main] s.w.s.m.m.a.RequestMappingHandlerMapping : Mapped "{[/user/get],methods=[GET]}" onto public com.stamper.yx.common.sys.response.ResultVO com.stamper.yx.common.controller.UserController.getUser(java.lang.String)
2019-11-13 09:37:12.934  INFO 19084 --- [main] s.w.s.m.m.a.RequestMappingHandlerMapping : Mapped "{[/user/add],methods=[POST]}" onto public com.stamper.yx.common.sys.response.ResultVO com.stamper.yx.common.controller.UserController.addUser(com.stamper.yx.common.entity.User)
2019-11-13 09:37:12.935  INFO 19084 --- [main] s.w.s.m.m.a.RequestMappingHandlerMapping : Mapped "{[/user/getTicket],methods=[POST]}" onto public java.lang.String com.stamper.yx.common.controller.UserController.getTicket(java.lang.String,java.lang.String)
2019-11-13 09:37:12.937  INFO 19084 --- [main] s.w.s.m.m.a.RequestMappingHandlerMapping : Mapped "{[/error]}" onto public org.springframework.http.ResponseEntity<java.util.Map<java.lang.String, java.lang.Object>> org.springframework.boot.autoconfigure.web.servlet.error.BasicErrorController.error(javax.servlet.http.HttpServletRequest)
2019-11-13 09:37:12.937  INFO 19084 --- [main] s.w.s.m.m.a.RequestMappingHandlerMapping : Mapped "{[/error],produces=[text/html]}" onto public org.springframework.web.servlet.ModelAndView org.springframework.boot.autoconfigure.web.servlet.error.BasicErrorController.errorHtml(javax.servlet.http.HttpServletRequest,javax.servlet.http.HttpServletResponse)
2019-11-13 09:37:12.966  INFO 19084 --- [main] o.s.w.s.handler.SimpleUrlHandlerMapping  : Root mapping to handler of type [class org.springframework.web.servlet.mvc.ParameterizableViewController]
2019-11-13 09:37:12.966  INFO 19084 --- [main] o.s.w.s.handler.SimpleUrlHandlerMapping  : Mapped URL path [/index.html] onto handler of type [class org.springframework.web.servlet.mvc.ParameterizableViewController]
2019-11-13 09:37:12.966  INFO 19084 --- [main] o.s.w.s.handler.SimpleUrlHandlerMapping  : Mapped URL path [/yunxi/main.html] onto handler of type [class org.springframework.web.servlet.mvc.ParameterizableViewController]
2019-11-13 09:37:12.966  INFO 19084 --- [main] o.s.w.s.handler.SimpleUrlHandlerMapping  : Mapped URL path [/yunxi/debugging] onto handler of type [class org.springframework.web.servlet.mvc.ParameterizableViewController]
2019-11-13 09:37:12.966  INFO 19084 --- [main] o.s.w.s.handler.SimpleUrlHandlerMapping  : Mapped URL path [/error.html] onto handler of type [class org.springframework.web.servlet.mvc.ParameterizableViewController]
2019-11-13 09:37:12.983  INFO 19084 --- [main] o.s.w.s.handler.SimpleUrlHandlerMapping  : Mapped URL path [/webjars/**] onto handler of type [class org.springframework.web.servlet.resource.ResourceHttpRequestHandler]
2019-11-13 09:37:12.984  INFO 19084 --- [main] o.s.w.s.handler.SimpleUrlHandlerMapping  : Mapped URL path [/**] onto handler of type [class org.springframework.web.servlet.resource.ResourceHttpRequestHandler]
2019-11-13 09:37:13.633  INFO 19084 --- [main] o.s.s.c.ThreadPoolTaskScheduler          : Initializing ExecutorService  'taskScheduler'
2019-11-13 09:37:16.672  INFO 19084 --- [main] o.s.cloud.commons.util.InetUtils         : Cannot determine local hostname
2019-11-13 09:37:16.936  INFO 19084 --- [main] o.s.w.s.s.s.ServerEndpointExporter       : Registering @ServerEndpoint class: class com.stamper.yx.common.controller.DeviceWebSocket
2019-11-13 09:37:16.943  INFO 19084 --- [main] o.s.j.e.a.AnnotationMBeanExporter        : Registering beans for JMX exposure on startup
2019-11-13 09:37:16.944  INFO 19084 --- [main] o.s.j.e.a.AnnotationMBeanExporter        : Bean with name 'mysqlDataSource' has been autodetected for JMX exposure
2019-11-13 09:37:16.944  INFO 19084 --- [main] o.s.j.e.a.AnnotationMBeanExporter        : Bean with name 'sqliteDataSource' has been autodetected for JMX exposure
2019-11-13 09:37:16.951  INFO 19084 --- [main] o.s.j.e.a.AnnotationMBeanExporter        : Bean with name 'rabbitConnectionFactory' has been autodetected for JMX exposure
2019-11-13 09:37:16.952  INFO 19084 --- [main] o.s.j.e.a.AnnotationMBeanExporter        : Bean with name 'integrationMbeanExporter' has been autodetected for JMX exposure
2019-11-13 09:37:16.952  INFO 19084 --- [main] o.s.j.e.a.AnnotationMBeanExporter        : Bean with name 'refreshScope' has been autodetected for JMX exposure
2019-11-13 09:37:16.953  INFO 19084 --- [main] o.s.j.e.a.AnnotationMBeanExporter        : Bean with name 'configurationPropertiesRebinder' has been autodetected for JMX exposure
2019-11-13 09:37:16.953  INFO 19084 --- [main] o.s.j.e.a.AnnotationMBeanExporter        : Bean with name 'environmentManager' has been autodetected for JMX exposure
2019-11-13 09:37:16.956  INFO 19084 --- [main] o.s.j.e.a.AnnotationMBeanExporter        : Located managed bean 'environmentManager': registering with JMX server as MBean [org.springframework.cloud.context.environment:name=environmentManager,type=EnvironmentManager]
2019-11-13 09:37:16.967  INFO 19084 --- [main] o.s.j.e.a.AnnotationMBeanExporter        : Located MBean 'sqliteDataSource': registering with JMX server as MBean [com.zaxxer.hikari:name=sqliteDataSource,type=HikariDataSource]
2019-11-13 09:37:16.968  INFO 19084 --- [main] o.s.j.e.a.AnnotationMBeanExporter        : Located managed bean 'refreshScope': registering with JMX server as MBean [org.springframework.cloud.context.scope.refresh:name=refreshScope,type=RefreshScope]
2019-11-13 09:37:16.977  INFO 19084 --- [main] o.s.j.e.a.AnnotationMBeanExporter        : Located managed bean 'integrationMbeanExporter': registering with JMX server as MBean [org.springframework.integration.monitor:name=integrationMbeanExporter,type=IntegrationMBeanExporter]
2019-11-13 09:37:17.000  INFO 19084 --- [main] o.s.j.e.a.AnnotationMBeanExporter        : Located MBean 'mysqlDataSource': registering with JMX server as MBean [com.zaxxer.hikari:name=mysqlDataSource,type=HikariDataSource]
2019-11-13 09:37:17.001  INFO 19084 --- [main] o.s.j.e.a.AnnotationMBeanExporter        : Located managed bean 'configurationPropertiesRebinder': registering with JMX server as MBean [org.springframework.cloud.context.properties:name=configurationPropertiesRebinder,context=432866,type=ConfigurationPropertiesRebinder]
2019-11-13 09:37:17.013  INFO 19084 --- [main] o.s.j.e.a.AnnotationMBeanExporter        : Located managed bean 'rabbitConnectionFactory': registering with JMX server as MBean [org.springframework.amqp.rabbit.connection:name=rabbitConnectionFactory,type=CachingConnectionFactory]
2019-11-13 09:37:17.031  INFO 19084 --- [main] o.s.i.monitor.IntegrationMBeanExporter   : Registering beans for JMX exposure on startup
2019-11-13 09:37:17.032  INFO 19084 --- [main] o.s.i.monitor.IntegrationMBeanExporter   : Registering MessageChannel errorChannel
2019-11-13 09:37:17.034  INFO 19084 --- [main] o.s.i.monitor.IntegrationMBeanExporter   : Located managed bean 'org.springframework.integration:type=MessageChannel,name=errorChannel': registering with JMX server as MBean [org.springframework.integration:type=MessageChannel,name=errorChannel]
2019-11-13 09:37:17.075  INFO 19084 --- [main] o.s.i.monitor.IntegrationMBeanExporter   : Registering MessageChannel nullChannel
2019-11-13 09:37:17.076  INFO 19084 --- [main] o.s.i.monitor.IntegrationMBeanExporter   : Located managed bean 'org.springframework.integration:type=MessageChannel,name=nullChannel': registering with JMX server as MBean [org.springframework.integration:type=MessageChannel,name=nullChannel]
2019-11-13 09:37:17.084  INFO 19084 --- [main] o.s.i.monitor.IntegrationMBeanExporter   : Registering MessageChannel springCloudBusOutput
2019-11-13 09:37:17.085  INFO 19084 --- [main] o.s.i.monitor.IntegrationMBeanExporter   : Located managed bean 'org.springframework.integration:type=MessageChannel,name=springCloudBusOutput': registering with JMX server as MBean [org.springframework.integration:type=MessageChannel,name=springCloudBusOutput]
2019-11-13 09:37:17.091  INFO 19084 --- [main] o.s.i.monitor.IntegrationMBeanExporter   : Registering MessageChannel springCloudBusInput
2019-11-13 09:37:17.092  INFO 19084 --- [main] o.s.i.monitor.IntegrationMBeanExporter   : Located managed bean 'org.springframework.integration:type=MessageChannel,name=springCloudBusInput': registering with JMX server as MBean [org.springframework.integration:type=MessageChannel,name=springCloudBusInput]
2019-11-13 09:37:17.108  INFO 19084 --- [main] o.s.i.monitor.IntegrationMBeanExporter   : Registering MessageHandler errorLogger
2019-11-13 09:37:17.109  INFO 19084 --- [main] o.s.i.monitor.IntegrationMBeanExporter   : Located managed bean 'org.springframework.integration:type=MessageHandler,name=errorLogger,bean=internal': registering with JMX server as MBean [org.springframework.integration:type=MessageHandler,name=errorLogger,bean=internal]
2019-11-13 09:37:17.129  INFO 19084 --- [main] o.s.integration.channel.DirectChannel    : Channel 'application-1.springCloudBusInput' has 1 subscriber(s).
2019-11-13 09:37:17.131  INFO 19084 --- [main] o.s.c.support.DefaultLifecycleProcessor  : Starting beans in phase -2147482648
2019-11-13 09:37:19.670  INFO 19084 --- [main] s.c.a.AnnotationConfigApplicationContext : Refreshing org.springframework.context.annotation.AnnotationConfigApplicationContext@360a68: startup date [Wed Nov 13 09:37:19 CST 2019]; parent: org.springframework.boot.web.servlet.context.AnnotationConfigServletWebServerApplicationContext@432866
2019-11-13 09:37:19.740  INFO 19084 --- [main] o.s.c.support.GenericApplicationContext  : Refreshing org.springframework.context.support.GenericApplicationContext@10cb050: startup date [Wed Nov 13 09:37:19 CST 2019]; root of context hierarchy
2019-11-13 09:37:19.863  INFO 19084 --- [main] o.s.a.r.c.CachingConnectionFactory       : Attempting to connect to: [localhost:5672]
2019-11-13 09:37:19.911  INFO 19084 --- [main] o.s.a.r.c.CachingConnectionFactory       : Created new connection: rabbitConnectionFactory#1058864:0/SimpleConnection@5069b [delegate=amqp://admin@127.0.0.1:5672/, localPort= 50684]
2019-11-13 09:37:19.918  INFO 19084 --- [main] o.s.amqp.rabbit.core.RabbitAdmin         : Auto-declaring a non-durable or auto-delete Exchange (to.signetCommon) durable:false, auto-delete:false. It will be deleted by the broker if it shuts down, and can be redeclared by closing and reopening the connection.
2019-11-13 09:37:19.919  INFO 19084 --- [main] o.s.amqp.rabbit.core.RabbitAdmin         : Auto-declaring a non-durable, auto-delete, or exclusive Queue (queue.signet.d36f6fedf6b2d26ad77fa3527a9ec848) durable:false, auto-delete:true, exclusive:false. It will be redeclared if the broker stops and is restarted while the connection factory is alive, but all messages will be lost.
2019-11-13 09:37:19.982  INFO 19084 --- [main] o.s.integration.channel.DirectChannel    : Channel 'application-1.springCloudBusOutput' has 1 subscriber(s).
2019-11-13 09:37:19.983  INFO 19084 --- [main] o.s.c.support.DefaultLifecycleProcessor  : Starting beans in phase 0
2019-11-13 09:37:19.984  INFO 19084 --- [main] o.s.i.endpoint.EventDrivenConsumer       : Adding {logging-channel-adapter:_org.springframework.integration.errorLogger} as a subscriber to the 'errorChannel' channel
2019-11-13 09:37:19.984  INFO 19084 --- [main] o.s.i.channel.PublishSubscribeChannel    : Channel 'application-1.errorChannel' has 1 subscriber(s).
2019-11-13 09:37:19.984  INFO 19084 --- [main] o.s.i.endpoint.EventDrivenConsumer       : started _org.springframework.integration.errorLogger
2019-11-13 09:37:19.984  INFO 19084 --- [main] o.s.c.support.DefaultLifecycleProcessor  : Starting beans in phase 2147482647
2019-11-13 09:37:19.998  INFO 19084 --- [main] c.s.b.r.p.RabbitExchangeQueueProvisioner : declaring queue for inbound: springCloudBus.anonymous.nXQl5E4sRz6Srfs-oZOM-A, bound to: springCloudBus
2019-11-13 09:37:20.040  INFO 19084 --- [main] o.s.c.stream.binder.BinderErrorChannel   : Channel 'application-1.springCloudBus.anonymous.nXQl5E4sRz6Srfs-oZOM-A.errors' has 1 subscriber(s).
2019-11-13 09:37:20.040  INFO 19084 --- [main] o.s.c.stream.binder.BinderErrorChannel   : Channel 'application-1.springCloudBus.anonymous.nXQl5E4sRz6Srfs-oZOM-A.errors' has 2 subscriber(s).
2019-11-13 09:37:20.088  INFO 19084 --- [main] o.s.i.a.i.AmqpInboundChannelAdapter      : started inbound.springCloudBus.anonymous.nXQl5E4sRz6Srfs-oZOM-A
2019-11-13 09:37:20.090  INFO 19084 --- [main] o.s.c.support.DefaultLifecycleProcessor  : Starting beans in phase 2147483647
2019-11-13 09:37:20.131  INFO 19084 --- [main] o.s.b.w.embedded.tomcat.TomcatWebServer  : Tomcat started on port(s): 8888 (http) with context path ''
2019-11-13 09:37:20.133  INFO 19084 --- [main] com.stamper.yx.common.CommonApplication  : Started CommonApplication in 16.597 seconds (JVM running for 18.765)
2019-11-13 09:37:20.136  INFO 19084 --- [main] com.stamper.yx.common.CommonApplication  : ------------安徽云玺----------
2019-11-13 09:37:20.141  INFO 19084 --- [main] com.stamper.yx.common.CommonApplication  : ticket已设置，不需请求此值：{5d0179df6aba600a9f40a661ef3a45b8}
2019-11-13 09:37:20.145  INFO 19084 --- [main] com.zaxxer.hikari.HikariDataSource       : HikariPool-1 - Starting...
2019-11-13 09:37:20.248  INFO 19084 --- [main] com.zaxxer.hikari.HikariDataSource       : HikariPool-1 - Start completed.
2019-11-13 09:37:20.267  INFO 19084 --- [main] com.zaxxer.hikari.HikariDataSource       : HikariPool-2 - Starting...
2019-11-13 09:37:20.516  INFO 19084 --- [main] com.zaxxer.hikari.HikariDataSource       : HikariPool-2 - Start completed.
2019-11-13 09:37:20.549  INFO 19084 --- [main] com.stamper.yx.common.CommonApplication  : 初始化用户名{admin},模块回调地址{http://localhost:8888/device/deviceCallBack/moduleCallback}
2019-11-13 09:37:20.571  INFO 19084 --- [main] com.stamper.yx.common.CommonApplication  : ----------初始化测试设备完成---------
2019-11-13 09:37:20.580  INFO 19084 --- [main] com.stamper.yx.common.CommonApplication  : ----------初始化设备全局配置完成---------
2019-11-13 09:37:20.591  INFO 19084 --- [main] com.stamper.yx.common.CommonApplication  : ------------缓存加载完毕---------
2019-11-13 09:37:20.591  INFO 19084 --- [main] com.stamper.yx.common.CommonApplication  : ------------运行完毕----------
2019-11-13 09:37:20.591  INFO 19084 --- [main] c.s.yx.common.websocket.WebSocketInit    : ...........初始化Websocket容器...........
2019-11-13 09:37:20.592  INFO 19084 --- [main] c.s.yx.common.websocket.WebSocketInit    : ...........初始化Websocket容器完成...........
