17:06:24.687 [main] ERROR o.s.boot.SpringApplication - Application run failed
java.lang.IllegalStateException: Failed to execute CommandLineRunner
	at org.springframework.boot.SpringApplication.callRunner(SpringApplication.java:803)
	at org.springframework.boot.SpringApplication.callRunners(SpringApplication.java:784)
	at org.springframework.boot.SpringApplication.run(SpringApplication.java:338)
	at org.springframework.boot.SpringApplication.run(SpringApplication.java:1258)
	at org.springframework.boot.SpringApplication.run(SpringApplication.java:1246)
	at com.stamper.yx.common.CommonApplication.main(CommonApplication.java:45)
Caused by: java.lang.NullPointerException: null
	at com.stamper.yx.common.sys.md5.MD5.toMD5(MD5.java:10)
	at com.stamper.yx.common.CommonApplication.run(CommonApplication.java:80)
	at org.springframework.boot.SpringApplication.callRunner(SpringApplication.java:800)
	... 5 common frames omitted
17:08:39.150 [main] ERROR o.s.boot.SpringApplication - Application run failed
java.lang.IllegalStateException: Failed to execute CommandLineRunner
	at org.springframework.boot.SpringApplication.callRunner(SpringApplication.java:803)
	at org.springframework.boot.SpringApplication.callRunners(SpringApplication.java:784)
	at org.springframework.boot.SpringApplication.run(SpringApplication.java:338)
	at org.springframework.boot.SpringApplication.run(SpringApplication.java:1258)
	at org.springframework.boot.SpringApplication.run(SpringApplication.java:1246)
	at com.stamper.yx.common.CommonApplication.main(CommonApplication.java:45)
Caused by: java.lang.NullPointerException: null
	at com.stamper.yx.common.sys.md5.MD5.toMD5(MD5.java:10)
	at com.stamper.yx.common.CommonApplication.run(CommonApplication.java:80)
	at org.springframework.boot.SpringApplication.callRunner(SpringApplication.java:800)
	... 5 common frames omitted
17:14:28.608 [main] ERROR o.s.boot.SpringApplication - Application run failed
java.lang.IllegalStateException: Failed to execute CommandLineRunner
	at org.springframework.boot.SpringApplication.callRunner(SpringApplication.java:803)
	at org.springframework.boot.SpringApplication.callRunners(SpringApplication.java:784)
	at org.springframework.boot.SpringApplication.run(SpringApplication.java:338)
	at org.springframework.boot.SpringApplication.run(SpringApplication.java:1258)
	at org.springframework.boot.SpringApplication.run(SpringApplication.java:1246)
	at com.stamper.yx.common.CommonApplication.main(CommonApplication.java:45)
Caused by: java.lang.NullPointerException: null
	at com.stamper.yx.common.sys.md5.MD5.toMD5(MD5.java:10)
	at com.stamper.yx.common.CommonApplication.run(CommonApplication.java:80)
	at org.springframework.boot.SpringApplication.callRunner(SpringApplication.java:800)
	... 5 common frames omitted
17:15:10.908 [main] ERROR o.s.boot.SpringApplication - Application run failed
java.lang.IllegalStateException: Failed to execute CommandLineRunner
	at org.springframework.boot.SpringApplication.callRunner(SpringApplication.java:803)
	at org.springframework.boot.SpringApplication.callRunners(SpringApplication.java:784)
	at org.springframework.boot.SpringApplication.run(SpringApplication.java:338)
	at org.springframework.boot.SpringApplication.run(SpringApplication.java:1258)
	at org.springframework.boot.SpringApplication.run(SpringApplication.java:1246)
	at com.stamper.yx.common.CommonApplication.main(CommonApplication.java:45)
Caused by: java.lang.NullPointerException: null
	at com.stamper.yx.common.sys.md5.MD5.toMD5(MD5.java:10)
	at com.stamper.yx.common.CommonApplication.run(CommonApplication.java:80)
	at org.springframework.boot.SpringApplication.callRunner(SpringApplication.java:800)
	... 5 common frames omitted
21:16:40.016 [http-nio-8888-exec-2] ERROR o.a.t.w.pojo.PojoEndpointBase - Failed to call onClose method of POJO end point for POJO of type [com.stamper.yx.common.controller.DeviceWebSocket]
java.lang.reflect.InvocationTargetException: null
	at sun.reflect.NativeMethodAccessorImpl.invoke0(Native Method)
	at sun.reflect.NativeMethodAccessorImpl.invoke(NativeMethodAccessorImpl.java:62)
	at sun.reflect.DelegatingMethodAccessorImpl.invoke(DelegatingMethodAccessorImpl.java:43)
	at java.lang.reflect.Method.invoke(Method.java:497)
	at org.apache.tomcat.websocket.pojo.PojoEndpointBase.onClose(PojoEndpointBase.java:106)
	at org.apache.tomcat.websocket.WsSession.fireEndpointOnClose(WsSession.java:535)
	at org.apache.tomcat.websocket.WsSession.onClose(WsSession.java:513)
	at org.apache.tomcat.websocket.server.WsHttpUpgradeHandler.close(WsHttpUpgradeHandler.java:232)
	at org.apache.tomcat.websocket.server.WsHttpUpgradeHandler.upgradeDispatch(WsHttpUpgradeHandler.java:155)
	at org.apache.coyote.http11.upgrade.UpgradeProcessorInternal.dispatch(UpgradeProcessorInternal.java:54)
	at org.apache.coyote.AbstractProcessorLight.process(AbstractProcessorLight.java:53)
	at org.apache.coyote.AbstractProtocol$ConnectionHandler.process(AbstractProtocol.java:800)
	at org.apache.tomcat.util.net.NioEndpoint$SocketProcessor.doRun(NioEndpoint.java:1471)
	at org.apache.tomcat.util.net.SocketProcessorBase.run(SocketProcessorBase.java:49)
	at java.util.concurrent.ThreadPoolExecutor.runWorker(ThreadPoolExecutor.java:1142)
	at java.util.concurrent.ThreadPoolExecutor$Worker.run(ThreadPoolExecutor.java:617)
	at org.apache.tomcat.util.threads.TaskThread$WrappingRunnable.run(TaskThread.java:61)
	at java.lang.Thread.run(Thread.java:745)
Caused by: java.lang.IllegalArgumentException: Parameter specified as non-null is null: method okhttp3.FormBody$Builder.add, parameter value
	at okhttp3.FormBody$Builder.add(FormBody.kt)
	at com.stamper.yx.common.sys.okhttpUtil.OkHttpCli.doPost(OkHttpCli.java:119)
	at com.stamper.yx.common.websocket.core.DefaultWebSocket.onClose(DefaultWebSocket.java:148)
	... 18 common frames omitted
