10:52:57.047 [main] INFO  c.s.yx.common.CommonApplication - Starting CommonApplication on LAPTOP-BD645K0P with PID 450676 (E:\Yunxi\javaSvr\common\target\classes started by wqs in E:\Yunxi\javaSvr\common)
10:52:57.049 [main] INFO  c.s.yx.common.CommonApplication - No active profile set, falling back to default profiles: default
10:52:57.107 [main] INFO  o.s.b.w.s.c.AnnotationConfigServletWebServerApplicationContext - Refreshing org.springframework.boot.web.servlet.context.AnnotationConfigServletWebServerApplicationContext@166baa7: startup date [Sat Nov 23 10:52:57 CST 2019]; root of context hierarchy
10:52:57.233 [background-preinit] WARN  o.s.h.c.j.Jackson2ObjectMapperBuilder - For Jackson Kotlin classes support please add "com.fasterxml.jackson.module:jackson-module-kotlin" to the classpath
10:52:57.759 [main] WARN  o.m.s.mapper.ClassPathMapperScanner - Skipping MapperFactoryBean with name 'myApplicationMapper' and 'com.stamper.yx.common.mapper.mysql.MyApplicationMapper' mapperInterface. Bean already defined with the same name!
10:52:57.759 [main] WARN  o.m.s.mapper.ClassPathMapperScanner - Skipping MapperFactoryBean with name 'myFingerMapper' and 'com.stamper.yx.common.mapper.mysql.MyFingerMapper' mapperInterface. Bean already defined with the same name!
10:52:57.759 [main] WARN  o.m.s.mapper.ClassPathMapperScanner - Skipping MapperFactoryBean with name 'mySealRecordInfoMapper' and 'com.stamper.yx.common.mapper.mysql.MySealRecordInfoMapper' mapperInterface. Bean already defined with the same name!
10:52:57.760 [main] WARN  o.m.s.mapper.ClassPathMapperScanner - Skipping MapperFactoryBean with name 'mySignetMapper' and 'com.stamper.yx.common.mapper.mysql.MySignetMapper' mapperInterface. Bean already defined with the same name!
10:52:57.760 [main] WARN  o.m.s.mapper.ClassPathMapperScanner - Skipping MapperFactoryBean with name 'mysqlFileInfoMapper' and 'com.stamper.yx.common.mapper.mysql.MysqlFileInfoMapper' mapperInterface. Bean already defined with the same name!
10:52:57.760 [main] WARN  o.m.s.mapper.ClassPathMapperScanner - Skipping MapperFactoryBean with name 'configMapper' and 'com.stamper.yx.common.mapper.sqlite.ConfigMapper' mapperInterface. Bean already defined with the same name!
10:52:57.760 [main] WARN  o.m.s.mapper.ClassPathMapperScanner - Skipping MapperFactoryBean with name 'deviceMessageMapper' and 'com.stamper.yx.common.mapper.sqlite.DeviceMessageMapper' mapperInterface. Bean already defined with the same name!
10:52:57.761 [main] WARN  o.m.s.mapper.ClassPathMapperScanner - Skipping MapperFactoryBean with name 'meterMapper' and 'com.stamper.yx.common.mapper.sqlite.MeterMapper' mapperInterface. Bean already defined with the same name!
10:52:57.761 [main] WARN  o.m.s.mapper.ClassPathMapperScanner - Skipping MapperFactoryBean with name 'orderLogMapper' and 'com.stamper.yx.common.mapper.sqlite.OrderLogMapper' mapperInterface. Bean already defined with the same name!
10:52:57.761 [main] WARN  o.m.s.mapper.ClassPathMapperScanner - Skipping MapperFactoryBean with name 'signetMapper' and 'com.stamper.yx.common.mapper.sqlite.SignetMapper' mapperInterface. Bean already defined with the same name!
10:52:57.761 [main] WARN  o.m.s.mapper.ClassPathMapperScanner - Skipping MapperFactoryBean with name 'signetMeterMapper' and 'com.stamper.yx.common.mapper.sqlite.SignetMeterMapper' mapperInterface. Bean already defined with the same name!
10:52:57.761 [main] WARN  o.m.s.mapper.ClassPathMapperScanner - Skipping MapperFactoryBean with name 'userMapper' and 'com.stamper.yx.common.mapper.sqlite.UserMapper' mapperInterface. Bean already defined with the same name!
10:52:57.763 [main] WARN  o.m.s.mapper.ClassPathMapperScanner - No MyBatis mapper was found in '[com.stamper.yx.common.mapper]' package. Please check your configuration.
10:53:00.011 [main] INFO  o.s.b.w.e.tomcat.TomcatWebServer - Tomcat initialized with port(s): 8888 (http)
10:53:00.026 [main] INFO  o.a.coyote.http11.Http11NioProtocol - Initializing ProtocolHandler ["http-nio-8888"]
10:53:00.036 [main] INFO  o.a.catalina.core.StandardService - Starting service [Tomcat]
10:53:00.036 [main] INFO  o.a.catalina.core.StandardEngine - Starting Servlet Engine: Apache Tomcat/8.5.32
10:53:00.040 [localhost-startStop-1] INFO  o.a.c.core.AprLifecycleListener - The APR based Apache Tomcat Native library which allows optimal performance in production environments was not found on the java.library.path: [D:\Program Files (x86)\Java\jdk1.8.0_40\bin;C:\Windows\Sun\Java\bin;C:\Windows\system32;C:\Windows;D:\Program Files (x86)\NetSarang\Xftp 6\;D:\Program Files (x86)\NetSarang\Xshell 6\;C:\Windows\system32;C:\Windows;C:\Windows\System32\Wbem;C:\Windows\System32\WindowsPowerShell\v1.0\;C:\Windows\System32\OpenSSH\;C:\Program Files (x86)\NVIDIA Corporation\PhysX\Common;C:\Program Files\NVIDIA Corporation\NVIDIA NGX;C:\Program Files\NVIDIA Corporation\NVIDIA NvDLISR;D:\Program Files\Git\cmd;D:\Program Files\MySQL\MySQL Server 5.5\bin;D:\Program Files\Java\jdk1.8.0_202\bin;D:\Program Files\Java\jdk1.8.0_202\jre\bin;%M2_HOME%\bin;D:\Program Files\nodejs\;D:\Program Files\Redis\;D:\Program Files\TortoiseGit\bin;D:\Program Files (x86)\WinSCP\;D:\Program Files\erl10.4\bin;E:\tools\apache-jmeter-5.1.1\bin;D:\Sqlite;D:\Go\bin;F:\GoWork\bin;D:\Program Files\PuTTY\;C:\Users\wqs\scoop\shims;C:\Users\wqs\AppData\Local\Microsoft\WindowsApps;C:\Users\wqs\AppData\Roaming\npm;D:\Program Files\Microsoft VS Code\bin;C:\Users\wqs\go\bin;D:\Fiddler;.]
10:53:00.191 [localhost-startStop-1] INFO  o.a.c.c.C.[Tomcat].[localhost].[/] - Initializing Spring embedded WebApplicationContext
10:53:00.191 [localhost-startStop-1] INFO  o.s.web.context.ContextLoader - Root WebApplicationContext: initialization completed in 3084 ms
10:53:00.389 [localhost-startStop-1] INFO  o.s.b.w.s.FilterRegistrationBean - Mapping filter: 'characterEncodingFilter' to: [/*]
10:53:00.389 [localhost-startStop-1] INFO  o.s.b.w.s.FilterRegistrationBean - Mapping filter: 'hiddenHttpMethodFilter' to: [/*]
10:53:00.389 [localhost-startStop-1] INFO  o.s.b.w.s.FilterRegistrationBean - Mapping filter: 'httpPutFormContentFilter' to: [/*]
10:53:00.390 [localhost-startStop-1] INFO  o.s.b.w.s.FilterRegistrationBean - Mapping filter: 'requestContextFilter' to: [/*]
10:53:00.390 [localhost-startStop-1] INFO  o.s.b.w.s.FilterRegistrationBean - Mapping filter: 'yxFilter' to urls: [/yunxi/*]
10:53:00.390 [localhost-startStop-1] INFO  o.s.b.w.s.FilterRegistrationBean - Mapping filter: 'signetFilter' to urls: [/device/*]
10:53:00.390 [localhost-startStop-1] INFO  o.s.b.w.s.ServletRegistrationBean - Servlet dispatcherServlet mapped to [/]
10:53:00.605 [main] INFO  o.s.s.c.ThreadPoolTaskExecutor - Initializing ExecutorService  'taskExecutor'
10:53:00.728 [main] INFO  o.s.w.s.h.SimpleUrlHandlerMapping - Mapped URL path [/**/favicon.ico] onto handler of type [class org.springframework.web.servlet.resource.ResourceHttpRequestHandler]
10:53:00.946 [main] INFO  o.s.w.s.m.m.a.RequestMappingHandlerAdapter - Looking for @ControllerAdvice: org.springframework.boot.web.servlet.context.AnnotationConfigServletWebServerApplicationContext@166baa7: startup date [Sat Nov 23 10:52:57 CST 2019]; root of context hierarchy
10:53:01.016 [main] INFO  o.s.w.s.m.m.a.RequestMappingHandlerMapping - Mapped "{[/device/deviceCallBack/res]}" onto public com.stamper.yx.common.sys.response.ResultVO com.stamper.yx.common.controller.CallBackController.res(java.lang.String,java.lang.String)
10:53:01.016 [main] INFO  o.s.w.s.m.m.a.RequestMappingHandlerMapping - Mapped "{[/device/deviceCallBack/moduleCallback]}" onto public com.stamper.yx.common.sys.response.ResultVO com.stamper.yx.common.controller.CallBackController.moduleCallbackInfo(java.lang.String,java.lang.String,java.lang.String)
10:53:01.018 [main] INFO  o.s.w.s.m.m.a.RequestMappingHandlerMapping - Mapped "{[/device/config/addConfigError],methods=[POST || GET]}" onto public com.stamper.yx.common.sys.response.ResultVO com.stamper.yx.common.controller.ConfigController.addConfigError(org.springframework.web.multipart.MultipartFile)
10:53:01.018 [main] INFO  o.s.w.s.m.m.a.RequestMappingHandlerMapping - Mapped "{[/device/config/getConfigByUUID],methods=[POST || GET]}" onto public com.stamper.yx.common.sys.response.ResultVO com.stamper.yx.common.controller.ConfigController.getConfigByUUID(java.lang.String)
10:53:01.018 [main] INFO  o.s.w.s.m.m.a.RequestMappingHandlerMapping - Mapped "{[/device/config/updateConfigByUUID],methods=[POST || GET]}" onto public com.stamper.yx.common.sys.response.ResultVO com.stamper.yx.common.controller.ConfigController.updateConfig(com.stamper.yx.common.entity.Config,java.lang.String)
10:53:01.019 [main] INFO  o.s.w.s.m.m.a.RequestMappingHandlerMapping - Mapped "{[/device/config/updateAPK],methods=[POST || GET]}" onto public com.stamper.yx.common.entity.deviceModel.UpdateAPK com.stamper.yx.common.controller.ConfigController.updateAPK(java.lang.String)
10:53:01.019 [main] INFO  o.s.w.s.m.m.a.RequestMappingHandlerMapping - Mapped "{[/device/finger/del],methods=[POST]}" onto public com.stamper.yx.common.sys.response.ResultVO com.stamper.yx.common.controller.FingerController.fingerDel(java.lang.Integer,java.lang.Integer,java.lang.Integer)
10:53:01.019 [main] INFO  o.s.w.s.m.m.a.RequestMappingHandlerMapping - Mapped "{[/device/finger/clean],methods=[POST]}" onto public com.stamper.yx.common.sys.response.ResultVO com.stamper.yx.common.controller.FingerController.fingerClean(java.lang.Integer)
10:53:01.020 [main] INFO  o.s.w.s.m.m.a.RequestMappingHandlerMapping - Mapped "{[/device/finger/add],methods=[POST]}" onto public com.stamper.yx.common.sys.response.ResultVO com.stamper.yx.common.controller.FingerController.fingerPrint(java.lang.Integer,java.lang.Integer,java.lang.Integer,java.lang.String)
10:53:01.020 [main] INFO  o.s.w.s.m.m.a.RequestMappingHandlerMapping - Mapped "{[/meter/relevance/getAll],methods=[GET]}" onto public com.stamper.yx.common.sys.response.ResultVO com.stamper.yx.common.controller.MeterController.getAll()
10:53:01.020 [main] INFO  o.s.w.s.m.m.a.RequestMappingHandlerMapping - Mapped "{[/meter/relevance/bind],methods=[POST]}" onto public com.stamper.yx.common.sys.response.ResultVO com.stamper.yx.common.controller.MeterController.bind(java.lang.Integer,java.lang.Integer)
10:53:01.021 [main] INFO  o.s.w.s.m.m.a.RequestMappingHandlerMapping - Mapped "{[/meter/relevance/reg],methods=[POST]}" onto public com.stamper.yx.common.sys.response.ResultVO com.stamper.yx.common.controller.MeterController.reg(com.stamper.yx.common.entity.Meter)
10:53:01.021 [main] INFO  o.s.w.s.m.m.a.RequestMappingHandlerMapping - Mapped "{[/meter/relevance/checkBindInfo],methods=[GET]}" onto public com.stamper.yx.common.sys.response.ResultVO com.stamper.yx.common.controller.MeterController.checkBindInfo()
10:53:01.022 [main] INFO  o.s.w.s.m.m.a.RequestMappingHandlerMapping - Mapped "{[/device/sealRecordInfo/getInfoList],methods=[POST]}" onto public com.stamper.yx.common.sys.response.ResultVO com.stamper.yx.common.controller.SealRecordInfoController.getSealRecordInfoList(java.lang.Integer)
10:53:01.023 [main] INFO  o.s.w.s.m.m.a.RequestMappingHandlerMapping - Mapped "{[/device/sealRecordInfo/meter],methods=[POST]}" onto public java.lang.String com.stamper.yx.common.controller.SealRecordInfoController.eloamImageReceive(org.springframework.web.multipart.MultipartFile,java.lang.Integer)
10:53:01.023 [main] INFO  o.s.w.s.m.m.a.RequestMappingHandlerMapping - Mapped "{[/device/sealRecordInfo/addAuditInfo],methods=[POST]}" onto public java.lang.String com.stamper.yx.common.controller.SealRecordInfoController.addAuditInfo(com.stamper.yx.common.entity.SealRecordInfo)
10:53:01.023 [main] INFO  o.s.w.s.m.m.a.RequestMappingHandlerMapping - Mapped "{[/device/sealRecordInfo/addEasyInfo],methods=[POST]}" onto public java.lang.String com.stamper.yx.common.controller.SealRecordInfoController.addEasyInfo(com.stamper.yx.common.entity.SealRecordInfo)
10:53:01.023 [main] INFO  o.s.w.s.m.m.a.RequestMappingHandlerMapping - Mapped "{[/device/sealRecordInfo/addNormalInfo],methods=[POST]}" onto public java.lang.String com.stamper.yx.common.controller.SealRecordInfoController.addNormalInfo(com.stamper.yx.common.entity.SealRecordInfo)
10:53:01.025 [main] INFO  o.s.w.s.m.m.a.RequestMappingHandlerMapping - Mapped "{[/device/getAll],methods=[GET]}" onto public com.stamper.yx.common.sys.response.ResultVO com.stamper.yx.common.controller.SignetController.getAll()
10:53:01.025 [main] INFO  o.s.w.s.m.m.a.RequestMappingHandlerMapping - Mapped "{[/device/changePattern],methods=[POST]}" onto public com.stamper.yx.common.sys.response.ResultVO com.stamper.yx.common.controller.SignetController.deviceChangePattern(java.lang.Integer,java.lang.Integer)
10:53:01.026 [main] INFO  o.s.w.s.m.m.a.RequestMappingHandlerMapping - Mapped "{[/device/getAccessToken],methods=[POST]}" onto public com.stamper.yx.common.sys.response.ResultVO com.stamper.yx.common.controller.SignetController.getAccessToken(java.lang.String)
10:53:01.026 [main] INFO  o.s.w.s.m.m.a.RequestMappingHandlerMapping - Mapped "{[/device/getAesKey]}" onto public com.stamper.yx.common.sys.response.ResultVO com.stamper.yx.common.controller.SignetController.getAesKey(java.lang.Integer)
10:53:01.026 [main] INFO  o.s.w.s.m.m.a.RequestMappingHandlerMapping - Mapped "{[/device/isOnline]}" onto public com.stamper.yx.common.sys.response.ResultVO com.stamper.yx.common.controller.SignetController.deviceIsOnline(java.lang.Integer)
10:53:01.027 [main] INFO  o.s.w.s.m.m.a.RequestMappingHandlerMapping - Mapped "{[/device/setRemoteLock],methods=[POST]}" onto public com.stamper.yx.common.sys.response.ResultVO com.stamper.yx.common.controller.SignetController.setRemoteLock(java.lang.Integer,java.lang.Integer)
10:53:01.029 [main] INFO  o.s.w.s.m.m.a.RequestMappingHandlerMapping - Mapped "{[/device/setWifiLink],methods=[POST]}" onto public com.stamper.yx.common.sys.response.ResultVO com.stamper.yx.common.controller.SignetController.setWifiLink(java.lang.Integer,java.lang.Integer,java.lang.String,java.lang.String)
10:53:01.029 [main] INFO  o.s.w.s.m.m.a.RequestMappingHandlerMapping - Mapped "{[/device/pushApplication],methods=[POST]}" onto public com.stamper.yx.common.sys.response.ResultVO com.stamper.yx.common.controller.SignetController.pushApplication(java.lang.Integer,java.lang.String,java.lang.Integer,java.lang.Integer,java.lang.String,java.lang.Integer,java.lang.Integer)
10:53:01.029 [main] INFO  o.s.w.s.m.m.a.RequestMappingHandlerMapping - Mapped "{[/device/closeWifiLink],methods=[POST]}" onto public com.stamper.yx.common.sys.response.ResultVO com.stamper.yx.common.controller.SignetController.closeWifiLink(java.lang.Integer,java.lang.Integer,java.lang.String,java.lang.String)
10:53:01.029 [main] INFO  o.s.w.s.m.m.a.RequestMappingHandlerMapping - Mapped "{[/device/getWifiList],methods=[POST]}" onto public com.stamper.yx.common.sys.response.ResultVO com.stamper.yx.common.controller.SignetController.getWifiList(java.lang.Integer,java.lang.Integer)
10:53:01.030 [main] INFO  o.s.w.s.m.m.a.RequestMappingHandlerMapping - Mapped "{[/device/endApplication],methods=[POST]}" onto public com.stamper.yx.common.sys.response.ResultVO com.stamper.yx.common.controller.SignetController.endApplication(java.lang.Integer,java.lang.Integer,java.lang.Integer)
10:53:01.030 [main] INFO  o.s.w.s.m.m.a.RequestMappingHandlerMapping - Mapped "{[/device/reset],methods=[POST]}" onto public com.stamper.yx.common.sys.response.ResultVO com.stamper.yx.common.controller.SignetController.endApplication(java.lang.Integer,java.lang.Integer,java.lang.String)
10:53:01.030 [main] INFO  o.s.w.s.m.m.a.RequestMappingHandlerMapping - Mapped "{[/device/setSleepTimes],methods=[POST]}" onto public com.stamper.yx.common.sys.response.ResultVO com.stamper.yx.common.controller.SignetController.setSleepTimes(java.lang.Integer,java.lang.Integer)
10:53:01.030 [main] INFO  o.s.w.s.m.m.a.RequestMappingHandlerMapping - Mapped "{[/device/unlockById],methods=[POST]}" onto public com.stamper.yx.common.sys.response.ResultVO com.stamper.yx.common.controller.SignetController.deviceUnlock(java.lang.Integer,java.lang.Integer,java.lang.String)
10:53:01.033 [main] INFO  o.s.w.s.m.m.a.RequestMappingHandlerMapping - Mapped "{[/yunxi/signetList],methods=[GET]}" onto public java.lang.String com.stamper.yx.common.controller.SignetMVCController.list(org.springframework.ui.Model)
10:53:01.034 [main] INFO  o.s.w.s.m.m.a.RequestMappingHandlerMapping - Mapped "{[/yunxi/getSignetConfigById],methods=[POST]}" onto public com.stamper.yx.common.sys.response.ResultVO com.stamper.yx.common.controller.SignetMVCController.getSignetInfoById(java.lang.Integer)
10:53:01.034 [main] INFO  o.s.w.s.m.m.a.RequestMappingHandlerMapping - Mapped "{[/yunxi/getMysqlSignetById],methods=[POST]}" onto public com.stamper.yx.common.sys.response.ResultVO com.stamper.yx.common.controller.SignetMVCController.getMysqlSignetById(java.lang.Integer)
10:53:01.034 [main] INFO  o.s.w.s.m.m.a.RequestMappingHandlerMapping - Mapped "{[/signOut],methods=[GET]}" onto public java.lang.String com.stamper.yx.common.controller.SignetMVCController.signOut(javax.servlet.http.HttpSession)
10:53:01.035 [main] INFO  o.s.w.s.m.m.a.RequestMappingHandlerMapping - Mapped "{[/yunxi/MysqlsignetList],methods=[GET]}" onto public java.lang.String com.stamper.yx.common.controller.SignetMVCController.Mysqllist(org.springframework.ui.Model)
10:53:01.035 [main] INFO  o.s.w.s.m.m.a.RequestMappingHandlerMapping - Mapped "{[/signets/get],methods=[POST]}" onto public com.stamper.yx.common.sys.response.ResultVO com.stamper.yx.common.controller.SignetMysqlController.get(com.stamper.yx.common.entity.Signet)
10:53:01.035 [main] INFO  o.s.w.s.m.m.a.RequestMappingHandlerMapping - Mapped "{[/signets/update],methods=[POST]}" onto public com.stamper.yx.common.sys.response.ResultVO com.stamper.yx.common.controller.SignetMysqlController.update(com.stamper.yx.common.entity.Signet)
10:53:01.035 [main] INFO  o.s.w.s.m.m.a.RequestMappingHandlerMapping - Mapped "{[/signets/getAll],methods=[POST]}" onto public com.stamper.yx.common.sys.response.ResultVO com.stamper.yx.common.controller.SignetMysqlController.getAlls()
10:53:01.036 [main] INFO  o.s.w.s.m.m.a.RequestMappingHandlerMapping - Mapped "{[/user/add],methods=[POST]}" onto public com.stamper.yx.common.sys.response.ResultVO com.stamper.yx.common.controller.UserController.addUser(com.stamper.yx.common.entity.User)
10:53:01.036 [main] INFO  o.s.w.s.m.m.a.RequestMappingHandlerMapping - Mapped "{[/user/login],methods=[POST]}" onto public java.lang.String com.stamper.yx.common.controller.UserController.loginV1(java.lang.String,java.lang.String,javax.servlet.http.HttpSession,java.util.Map<java.lang.String, java.lang.Object>)
10:53:01.036 [main] INFO  o.s.w.s.m.m.a.RequestMappingHandlerMapping - Mapped "{[/user/get],methods=[GET]}" onto public com.stamper.yx.common.sys.response.ResultVO com.stamper.yx.common.controller.UserController.getUser(java.lang.String)
10:53:01.041 [main] INFO  o.s.w.s.m.m.a.RequestMappingHandlerMapping - Mapped "{[/user/getTicket],methods=[POST]}" onto public java.lang.String com.stamper.yx.common.controller.UserController.getTicket(java.lang.String,java.lang.String)
10:53:01.043 [main] INFO  o.s.w.s.m.m.a.RequestMappingHandlerMapping - Mapped "{[/error]}" onto public org.springframework.http.ResponseEntity<java.util.Map<java.lang.String, java.lang.Object>> org.springframework.boot.autoconfigure.web.servlet.error.BasicErrorController.error(javax.servlet.http.HttpServletRequest)
10:53:01.044 [main] INFO  o.s.w.s.m.m.a.RequestMappingHandlerMapping - Mapped "{[/error],produces=[text/html]}" onto public org.springframework.web.servlet.ModelAndView org.springframework.boot.autoconfigure.web.servlet.error.BasicErrorController.errorHtml(javax.servlet.http.HttpServletRequest,javax.servlet.http.HttpServletResponse)
10:53:01.059 [main] INFO  o.s.w.s.h.SimpleUrlHandlerMapping - Root mapping to handler of type [class org.springframework.web.servlet.mvc.ParameterizableViewController]
10:53:01.059 [main] INFO  o.s.w.s.h.SimpleUrlHandlerMapping - Mapped URL path [/index.html] onto handler of type [class org.springframework.web.servlet.mvc.ParameterizableViewController]
10:53:01.059 [main] INFO  o.s.w.s.h.SimpleUrlHandlerMapping - Mapped URL path [/yunxi/main.html] onto handler of type [class org.springframework.web.servlet.mvc.ParameterizableViewController]
10:53:01.059 [main] INFO  o.s.w.s.h.SimpleUrlHandlerMapping - Mapped URL path [/yunxi/debugging] onto handler of type [class org.springframework.web.servlet.mvc.ParameterizableViewController]
10:53:01.059 [main] INFO  o.s.w.s.h.SimpleUrlHandlerMapping - Mapped URL path [/error.html] onto handler of type [class org.springframework.web.servlet.mvc.ParameterizableViewController]
10:53:01.085 [main] INFO  o.s.w.s.h.SimpleUrlHandlerMapping - Mapped URL path [/webjars/**] onto handler of type [class org.springframework.web.servlet.resource.ResourceHttpRequestHandler]
10:53:01.085 [main] INFO  o.s.w.s.h.SimpleUrlHandlerMapping - Mapped URL path [/**] onto handler of type [class org.springframework.web.servlet.resource.ResourceHttpRequestHandler]
10:53:01.650 [main] INFO  o.s.w.s.s.s.ServerEndpointExporter - Registering @ServerEndpoint class: class com.stamper.yx.common.controller.DeviceWebSocket
10:53:01.656 [main] INFO  o.s.j.e.a.AnnotationMBeanExporter - Registering beans for JMX exposure on startup
10:53:01.657 [main] INFO  o.s.j.e.a.AnnotationMBeanExporter - Bean with name 'mysqlDataSource' has been autodetected for JMX exposure
10:53:01.662 [main] INFO  o.s.j.e.a.AnnotationMBeanExporter - Located MBean 'mysqlDataSource': registering with JMX server as MBean [com.zaxxer.hikari:name=mysqlDataSource,type=HikariDataSource]
10:53:01.670 [main] INFO  o.s.s.a.ScheduledAnnotationBeanPostProcessor - No TaskScheduler/ScheduledExecutorService bean found for scheduled processing
10:53:01.683 [main] INFO  o.a.coyote.http11.Http11NioProtocol - Starting ProtocolHandler ["http-nio-8888"]
10:53:01.735 [main] INFO  o.a.tomcat.util.net.NioSelectorPool - Using a shared selector for servlet write/read
10:53:01.842 [main] INFO  o.s.b.w.e.tomcat.TomcatWebServer - Tomcat started on port(s): 8888 (http) with context path ''
10:53:01.845 [main] INFO  c.s.yx.common.CommonApplication - Started CommonApplication in 5.17 seconds (JVM running for 7.522)
10:53:01.848 [main] INFO  c.s.yx.common.CommonApplication - ------------安徽云玺----------
10:53:01.848 [main] INFO  c.s.yx.common.CommonApplication - TJ分支
10:53:01.855 [main] INFO  c.s.yx.common.CommonApplication - ticket已设置，不需请求此值：{5d0179df6aba600a9f40a661ef3a45b8}
10:53:01.862 [main] INFO  com.zaxxer.hikari.HikariDataSource - HikariPool-1 - Starting...
10:53:02.073 [main] INFO  com.zaxxer.hikari.HikariDataSource - HikariPool-1 - Start completed.
10:53:02.344 [main] INFO  c.s.yx.common.CommonApplication - 初始化用户名{admin},模块回调地址{http://localhost:8888/device/deviceCallBack/moduleCallback}
10:53:02.355 [main] INFO  c.s.yx.common.CommonApplication - ----------初始化设备全局配置完成---------
10:53:02.415 [main] INFO  c.s.yx.common.CommonApplication - ----------初始化测试设备完成---------
10:53:02.426 [main] INFO  c.s.yx.common.CommonApplication - ------------缓存加载完毕---------
10:53:02.426 [main] INFO  c.s.yx.common.CommonApplication - ------------运行完毕----------
10:53:02.426 [main] INFO  c.s.y.common.websocket.WebSocketInit - ...........初始化Websocket容器...........
10:53:02.426 [main] INFO  c.s.y.common.websocket.WebSocketInit - ...........初始化Websocket容器完成...........
