17:06:14.608 [main] WARN  o.m.s.mapper.ClassPathMapperScanner - Skipping MapperFactoryBean with name 'configMapper' and 'com.stamper.yx.common.mapper.sqlite.ConfigMapper' mapperInterface. Bean already defined with the same name!
17:06:14.608 [main] WARN  o.m.s.mapper.ClassPathMapperScanner - Skipping MapperFactoryBean with name 'deviceMessageMapper' and 'com.stamper.yx.common.mapper.sqlite.DeviceMessageMapper' mapperInterface. Bean already defined with the same name!
17:06:14.608 [main] WARN  o.m.s.mapper.ClassPathMapperScanner - Skipping MapperFactoryBean with name 'meterMapper' and 'com.stamper.yx.common.mapper.sqlite.MeterMapper' mapperInterface. Bean already defined with the same name!
17:06:14.608 [main] WARN  o.m.s.mapper.ClassPathMapperScanner - Skipping MapperFactoryBean with name 'orderLogMapper' and 'com.stamper.yx.common.mapper.sqlite.OrderLogMapper' mapperInterface. Bean already defined with the same name!
17:06:14.609 [main] WARN  o.m.s.mapper.ClassPathMapperScanner - Skipping MapperFactoryBean with name 'signetMapper' and 'com.stamper.yx.common.mapper.sqlite.SignetMapper' mapperInterface. Bean already defined with the same name!
17:06:14.609 [main] WARN  o.m.s.mapper.ClassPathMapperScanner - Skipping MapperFactoryBean with name 'signetMeterMapper' and 'com.stamper.yx.common.mapper.sqlite.SignetMeterMapper' mapperInterface. Bean already defined with the same name!
17:06:14.609 [main] WARN  o.m.s.mapper.ClassPathMapperScanner - Skipping MapperFactoryBean with name 'userMapper' and 'com.stamper.yx.common.mapper.sqlite.UserMapper' mapperInterface. Bean already defined with the same name!
17:08:29.284 [main] WARN  o.m.s.mapper.ClassPathMapperScanner - Skipping MapperFactoryBean with name 'configMapper' and 'com.stamper.yx.common.mapper.sqlite.ConfigMapper' mapperInterface. Bean already defined with the same name!
17:08:29.285 [main] WARN  o.m.s.mapper.ClassPathMapperScanner - Skipping MapperFactoryBean with name 'deviceMessageMapper' and 'com.stamper.yx.common.mapper.sqlite.DeviceMessageMapper' mapperInterface. Bean already defined with the same name!
17:08:29.285 [main] WARN  o.m.s.mapper.ClassPathMapperScanner - Skipping MapperFactoryBean with name 'meterMapper' and 'com.stamper.yx.common.mapper.sqlite.MeterMapper' mapperInterface. Bean already defined with the same name!
17:08:29.285 [main] WARN  o.m.s.mapper.ClassPathMapperScanner - Skipping MapperFactoryBean with name 'orderLogMapper' and 'com.stamper.yx.common.mapper.sqlite.OrderLogMapper' mapperInterface. Bean already defined with the same name!
17:08:29.285 [main] WARN  o.m.s.mapper.ClassPathMapperScanner - Skipping MapperFactoryBean with name 'signetMapper' and 'com.stamper.yx.common.mapper.sqlite.SignetMapper' mapperInterface. Bean already defined with the same name!
17:08:29.285 [main] WARN  o.m.s.mapper.ClassPathMapperScanner - Skipping MapperFactoryBean with name 'signetMeterMapper' and 'com.stamper.yx.common.mapper.sqlite.SignetMeterMapper' mapperInterface. Bean already defined with the same name!
17:08:29.285 [main] WARN  o.m.s.mapper.ClassPathMapperScanner - Skipping MapperFactoryBean with name 'userMapper' and 'com.stamper.yx.common.mapper.sqlite.UserMapper' mapperInterface. Bean already defined with the same name!
17:12:27.769 [main] WARN  o.m.s.mapper.ClassPathMapperScanner - Skipping MapperFactoryBean with name 'configMapper' and 'com.stamper.yx.common.mapper.sqlite.ConfigMapper' mapperInterface. Bean already defined with the same name!
17:12:27.769 [main] WARN  o.m.s.mapper.ClassPathMapperScanner - Skipping MapperFactoryBean with name 'deviceMessageMapper' and 'com.stamper.yx.common.mapper.sqlite.DeviceMessageMapper' mapperInterface. Bean already defined with the same name!
17:12:27.769 [main] WARN  o.m.s.mapper.ClassPathMapperScanner - Skipping MapperFactoryBean with name 'meterMapper' and 'com.stamper.yx.common.mapper.sqlite.MeterMapper' mapperInterface. Bean already defined with the same name!
17:12:27.769 [main] WARN  o.m.s.mapper.ClassPathMapperScanner - Skipping MapperFactoryBean with name 'orderLogMapper' and 'com.stamper.yx.common.mapper.sqlite.OrderLogMapper' mapperInterface. Bean already defined with the same name!
17:12:27.770 [main] WARN  o.m.s.mapper.ClassPathMapperScanner - Skipping MapperFactoryBean with name 'signetMapper' and 'com.stamper.yx.common.mapper.sqlite.SignetMapper' mapperInterface. Bean already defined with the same name!
17:12:27.770 [main] WARN  o.m.s.mapper.ClassPathMapperScanner - Skipping MapperFactoryBean with name 'signetMeterMapper' and 'com.stamper.yx.common.mapper.sqlite.SignetMeterMapper' mapperInterface. Bean already defined with the same name!
17:12:27.770 [main] WARN  o.m.s.mapper.ClassPathMapperScanner - Skipping MapperFactoryBean with name 'userMapper' and 'com.stamper.yx.common.mapper.sqlite.UserMapper' mapperInterface. Bean already defined with the same name!
17:14:42.131 [main] WARN  o.m.s.mapper.ClassPathMapperScanner - Skipping MapperFactoryBean with name 'configMapper' and 'com.stamper.yx.common.mapper.sqlite.ConfigMapper' mapperInterface. Bean already defined with the same name!
17:14:42.132 [main] WARN  o.m.s.mapper.ClassPathMapperScanner - Skipping MapperFactoryBean with name 'deviceMessageMapper' and 'com.stamper.yx.common.mapper.sqlite.DeviceMessageMapper' mapperInterface. Bean already defined with the same name!
17:14:42.132 [main] WARN  o.m.s.mapper.ClassPathMapperScanner - Skipping MapperFactoryBean with name 'meterMapper' and 'com.stamper.yx.common.mapper.sqlite.MeterMapper' mapperInterface. Bean already defined with the same name!
17:14:42.132 [main] WARN  o.m.s.mapper.ClassPathMapperScanner - Skipping MapperFactoryBean with name 'orderLogMapper' and 'com.stamper.yx.common.mapper.sqlite.OrderLogMapper' mapperInterface. Bean already defined with the same name!
17:14:42.132 [main] WARN  o.m.s.mapper.ClassPathMapperScanner - Skipping MapperFactoryBean with name 'signetMapper' and 'com.stamper.yx.common.mapper.sqlite.SignetMapper' mapperInterface. Bean already defined with the same name!
17:14:42.132 [main] WARN  o.m.s.mapper.ClassPathMapperScanner - Skipping MapperFactoryBean with name 'signetMeterMapper' and 'com.stamper.yx.common.mapper.sqlite.SignetMeterMapper' mapperInterface. Bean already defined with the same name!
17:14:42.132 [main] WARN  o.m.s.mapper.ClassPathMapperScanner - Skipping MapperFactoryBean with name 'userMapper' and 'com.stamper.yx.common.mapper.sqlite.UserMapper' mapperInterface. Bean already defined with the same name!
17:15:42.604 [main] WARN  o.m.s.mapper.ClassPathMapperScanner - Skipping MapperFactoryBean with name 'configMapper' and 'com.stamper.yx.common.mapper.sqlite.ConfigMapper' mapperInterface. Bean already defined with the same name!
17:15:42.604 [main] WARN  o.m.s.mapper.ClassPathMapperScanner - Skipping MapperFactoryBean with name 'deviceMessageMapper' and 'com.stamper.yx.common.mapper.sqlite.DeviceMessageMapper' mapperInterface. Bean already defined with the same name!
17:15:42.604 [main] WARN  o.m.s.mapper.ClassPathMapperScanner - Skipping MapperFactoryBean with name 'meterMapper' and 'com.stamper.yx.common.mapper.sqlite.MeterMapper' mapperInterface. Bean already defined with the same name!
17:15:42.604 [main] WARN  o.m.s.mapper.ClassPathMapperScanner - Skipping MapperFactoryBean with name 'orderLogMapper' and 'com.stamper.yx.common.mapper.sqlite.OrderLogMapper' mapperInterface. Bean already defined with the same name!
17:15:42.604 [main] WARN  o.m.s.mapper.ClassPathMapperScanner - Skipping MapperFactoryBean with name 'signetMapper' and 'com.stamper.yx.common.mapper.sqlite.SignetMapper' mapperInterface. Bean already defined with the same name!
17:15:42.605 [main] WARN  o.m.s.mapper.ClassPathMapperScanner - Skipping MapperFactoryBean with name 'signetMeterMapper' and 'com.stamper.yx.common.mapper.sqlite.SignetMeterMapper' mapperInterface. Bean already defined with the same name!
17:15:42.605 [main] WARN  o.m.s.mapper.ClassPathMapperScanner - Skipping MapperFactoryBean with name 'userMapper' and 'com.stamper.yx.common.mapper.sqlite.UserMapper' mapperInterface. Bean already defined with the same name!
19:55:58.093 [main] WARN  o.m.s.mapper.ClassPathMapperScanner - Skipping MapperFactoryBean with name 'configMapper' and 'com.stamper.yx.common.mapper.sqlite.ConfigMapper' mapperInterface. Bean already defined with the same name!
19:55:58.094 [main] WARN  o.m.s.mapper.ClassPathMapperScanner - Skipping MapperFactoryBean with name 'deviceMessageMapper' and 'com.stamper.yx.common.mapper.sqlite.DeviceMessageMapper' mapperInterface. Bean already defined with the same name!
19:55:58.094 [main] WARN  o.m.s.mapper.ClassPathMapperScanner - Skipping MapperFactoryBean with name 'meterMapper' and 'com.stamper.yx.common.mapper.sqlite.MeterMapper' mapperInterface. Bean already defined with the same name!
19:55:58.094 [main] WARN  o.m.s.mapper.ClassPathMapperScanner - Skipping MapperFactoryBean with name 'orderLogMapper' and 'com.stamper.yx.common.mapper.sqlite.OrderLogMapper' mapperInterface. Bean already defined with the same name!
19:55:58.094 [main] WARN  o.m.s.mapper.ClassPathMapperScanner - Skipping MapperFactoryBean with name 'signetMapper' and 'com.stamper.yx.common.mapper.sqlite.SignetMapper' mapperInterface. Bean already defined with the same name!
19:55:58.094 [main] WARN  o.m.s.mapper.ClassPathMapperScanner - Skipping MapperFactoryBean with name 'signetMeterMapper' and 'com.stamper.yx.common.mapper.sqlite.SignetMeterMapper' mapperInterface. Bean already defined with the same name!
19:55:58.094 [main] WARN  o.m.s.mapper.ClassPathMapperScanner - Skipping MapperFactoryBean with name 'userMapper' and 'com.stamper.yx.common.mapper.sqlite.UserMapper' mapperInterface. Bean already defined with the same name!
21:18:18.282 [main] WARN  o.m.s.mapper.ClassPathMapperScanner - Skipping MapperFactoryBean with name 'configMapper' and 'com.stamper.yx.common.mapper.sqlite.ConfigMapper' mapperInterface. Bean already defined with the same name!
21:18:18.282 [main] WARN  o.m.s.mapper.ClassPathMapperScanner - Skipping MapperFactoryBean with name 'deviceMessageMapper' and 'com.stamper.yx.common.mapper.sqlite.DeviceMessageMapper' mapperInterface. Bean already defined with the same name!
21:18:18.282 [main] WARN  o.m.s.mapper.ClassPathMapperScanner - Skipping MapperFactoryBean with name 'meterMapper' and 'com.stamper.yx.common.mapper.sqlite.MeterMapper' mapperInterface. Bean already defined with the same name!
21:18:18.282 [main] WARN  o.m.s.mapper.ClassPathMapperScanner - Skipping MapperFactoryBean with name 'orderLogMapper' and 'com.stamper.yx.common.mapper.sqlite.OrderLogMapper' mapperInterface. Bean already defined with the same name!
21:18:18.282 [main] WARN  o.m.s.mapper.ClassPathMapperScanner - Skipping MapperFactoryBean with name 'signetMapper' and 'com.stamper.yx.common.mapper.sqlite.SignetMapper' mapperInterface. Bean already defined with the same name!
21:18:18.282 [main] WARN  o.m.s.mapper.ClassPathMapperScanner - Skipping MapperFactoryBean with name 'signetMeterMapper' and 'com.stamper.yx.common.mapper.sqlite.SignetMeterMapper' mapperInterface. Bean already defined with the same name!
21:18:18.282 [main] WARN  o.m.s.mapper.ClassPathMapperScanner - Skipping MapperFactoryBean with name 'userMapper' and 'com.stamper.yx.common.mapper.sqlite.UserMapper' mapperInterface. Bean already defined with the same name!
21:37:46.378 [main] WARN  o.m.s.mapper.ClassPathMapperScanner - Skipping MapperFactoryBean with name 'configMapper' and 'com.stamper.yx.common.mapper.sqlite.ConfigMapper' mapperInterface. Bean already defined with the same name!
21:37:46.378 [main] WARN  o.m.s.mapper.ClassPathMapperScanner - Skipping MapperFactoryBean with name 'deviceMessageMapper' and 'com.stamper.yx.common.mapper.sqlite.DeviceMessageMapper' mapperInterface. Bean already defined with the same name!
21:37:46.378 [main] WARN  o.m.s.mapper.ClassPathMapperScanner - Skipping MapperFactoryBean with name 'meterMapper' and 'com.stamper.yx.common.mapper.sqlite.MeterMapper' mapperInterface. Bean already defined with the same name!
21:37:46.378 [main] WARN  o.m.s.mapper.ClassPathMapperScanner - Skipping MapperFactoryBean with name 'orderLogMapper' and 'com.stamper.yx.common.mapper.sqlite.OrderLogMapper' mapperInterface. Bean already defined with the same name!
21:37:46.378 [main] WARN  o.m.s.mapper.ClassPathMapperScanner - Skipping MapperFactoryBean with name 'signetMapper' and 'com.stamper.yx.common.mapper.sqlite.SignetMapper' mapperInterface. Bean already defined with the same name!
21:37:46.378 [main] WARN  o.m.s.mapper.ClassPathMapperScanner - Skipping MapperFactoryBean with name 'signetMeterMapper' and 'com.stamper.yx.common.mapper.sqlite.SignetMeterMapper' mapperInterface. Bean already defined with the same name!
21:37:46.378 [main] WARN  o.m.s.mapper.ClassPathMapperScanner - Skipping MapperFactoryBean with name 'userMapper' and 'com.stamper.yx.common.mapper.sqlite.UserMapper' mapperInterface. Bean already defined with the same name!
