10:13:02.202 [main] WARN  o.m.s.mapper.ClassPathMapperScanner - Skipping MapperFactoryBean with name 'mySealRecordInfoMapper' and 'com.stamper.yx.common.mapper.mysql.MySealRecordInfoMapper' mapperInterface. Bean already defined with the same name!
10:13:02.202 [main] WARN  o.m.s.mapper.ClassPathMapperScanner - Skipping MapperFactoryBean with name 'mySignetMapper' and 'com.stamper.yx.common.mapper.mysql.MySignetMapper' mapperInterface. Bean already defined with the same name!
10:13:02.202 [main] WARN  o.m.s.mapper.ClassPathMapperScanner - Skipping MapperFactoryBean with name 'mysqlFileInfoMapper' and 'com.stamper.yx.common.mapper.mysql.MysqlFileInfoMapper' mapperInterface. Bean already defined with the same name!
10:13:02.213 [main] WARN  o.m.s.mapper.ClassPathMapperScanner - Skipping MapperFactoryBean with name 'configMapper' and 'com.stamper.yx.common.mapper.sqlite.ConfigMapper' mapperInterface. Bean already defined with the same name!
10:13:02.213 [main] WARN  o.m.s.mapper.ClassPathMapperScanner - Skipping MapperFactoryBean with name 'deviceMessageMapper' and 'com.stamper.yx.common.mapper.sqlite.DeviceMessageMapper' mapperInterface. Bean already defined with the same name!
10:13:02.213 [main] WARN  o.m.s.mapper.ClassPathMapperScanner - Skipping MapperFactoryBean with name 'meterMapper' and 'com.stamper.yx.common.mapper.sqlite.MeterMapper' mapperInterface. Bean already defined with the same name!
10:13:02.214 [main] WARN  o.m.s.mapper.ClassPathMapperScanner - Skipping MapperFactoryBean with name 'orderLogMapper' and 'com.stamper.yx.common.mapper.sqlite.OrderLogMapper' mapperInterface. Bean already defined with the same name!
10:13:02.214 [main] WARN  o.m.s.mapper.ClassPathMapperScanner - Skipping MapperFactoryBean with name 'signetMapper' and 'com.stamper.yx.common.mapper.sqlite.SignetMapper' mapperInterface. Bean already defined with the same name!
10:13:02.214 [main] WARN  o.m.s.mapper.ClassPathMapperScanner - Skipping MapperFactoryBean with name 'signetMeterMapper' and 'com.stamper.yx.common.mapper.sqlite.SignetMeterMapper' mapperInterface. Bean already defined with the same name!
10:13:02.214 [main] WARN  o.m.s.mapper.ClassPathMapperScanner - Skipping MapperFactoryBean with name 'userMapper' and 'com.stamper.yx.common.mapper.sqlite.UserMapper' mapperInterface. Bean already defined with the same name!
10:13:02.214 [main] WARN  o.m.s.mapper.ClassPathMapperScanner - No MyBatis mapper was found in '[com.stamper.yx.common.mapper]' package. Please check your configuration.
12:20:57.283 [HikariPool-1 housekeeper] WARN  com.zaxxer.hikari.pool.HikariPool - HikariPool-1 - Thread starvation or clock leap detected (housekeeper delta=31m14s820ms382µs700ns).
12:20:59.295 [HikariPool-2 housekeeper] WARN  com.zaxxer.hikari.pool.HikariPool - HikariPool-2 - Thread starvation or clock leap detected (housekeeper delta=31m14s820ms983µs700ns).
16:24:11.653 [main] WARN  o.m.s.mapper.ClassPathMapperScanner - Skipping MapperFactoryBean with name 'configMapper' and 'com.stamper.yx.common.mapper.sqlite.ConfigMapper' mapperInterface. Bean already defined with the same name!
16:24:11.654 [main] WARN  o.m.s.mapper.ClassPathMapperScanner - Skipping MapperFactoryBean with name 'deviceMessageMapper' and 'com.stamper.yx.common.mapper.sqlite.DeviceMessageMapper' mapperInterface. Bean already defined with the same name!
16:24:11.654 [main] WARN  o.m.s.mapper.ClassPathMapperScanner - Skipping MapperFactoryBean with name 'meterMapper' and 'com.stamper.yx.common.mapper.sqlite.MeterMapper' mapperInterface. Bean already defined with the same name!
16:24:11.655 [main] WARN  o.m.s.mapper.ClassPathMapperScanner - Skipping MapperFactoryBean with name 'orderLogMapper' and 'com.stamper.yx.common.mapper.sqlite.OrderLogMapper' mapperInterface. Bean already defined with the same name!
16:24:11.655 [main] WARN  o.m.s.mapper.ClassPathMapperScanner - Skipping MapperFactoryBean with name 'signetMapper' and 'com.stamper.yx.common.mapper.sqlite.SignetMapper' mapperInterface. Bean already defined with the same name!
16:24:11.655 [main] WARN  o.m.s.mapper.ClassPathMapperScanner - Skipping MapperFactoryBean with name 'signetMeterMapper' and 'com.stamper.yx.common.mapper.sqlite.SignetMeterMapper' mapperInterface. Bean already defined with the same name!
16:24:11.655 [main] WARN  o.m.s.mapper.ClassPathMapperScanner - Skipping MapperFactoryBean with name 'userMapper' and 'com.stamper.yx.common.mapper.sqlite.UserMapper' mapperInterface. Bean already defined with the same name!
16:25:23.843 [main] WARN  o.m.s.mapper.ClassPathMapperScanner - Skipping MapperFactoryBean with name 'configMapper' and 'com.stamper.yx.common.mapper.sqlite.ConfigMapper' mapperInterface. Bean already defined with the same name!
16:25:23.844 [main] WARN  o.m.s.mapper.ClassPathMapperScanner - Skipping MapperFactoryBean with name 'deviceMessageMapper' and 'com.stamper.yx.common.mapper.sqlite.DeviceMessageMapper' mapperInterface. Bean already defined with the same name!
16:25:23.844 [main] WARN  o.m.s.mapper.ClassPathMapperScanner - Skipping MapperFactoryBean with name 'meterMapper' and 'com.stamper.yx.common.mapper.sqlite.MeterMapper' mapperInterface. Bean already defined with the same name!
16:25:23.844 [main] WARN  o.m.s.mapper.ClassPathMapperScanner - Skipping MapperFactoryBean with name 'orderLogMapper' and 'com.stamper.yx.common.mapper.sqlite.OrderLogMapper' mapperInterface. Bean already defined with the same name!
16:25:23.844 [main] WARN  o.m.s.mapper.ClassPathMapperScanner - Skipping MapperFactoryBean with name 'signetMapper' and 'com.stamper.yx.common.mapper.sqlite.SignetMapper' mapperInterface. Bean already defined with the same name!
16:25:23.844 [main] WARN  o.m.s.mapper.ClassPathMapperScanner - Skipping MapperFactoryBean with name 'signetMeterMapper' and 'com.stamper.yx.common.mapper.sqlite.SignetMeterMapper' mapperInterface. Bean already defined with the same name!
16:25:23.844 [main] WARN  o.m.s.mapper.ClassPathMapperScanner - Skipping MapperFactoryBean with name 'userMapper' and 'com.stamper.yx.common.mapper.sqlite.UserMapper' mapperInterface. Bean already defined with the same name!
16:26:03.649 [main] WARN  o.m.s.mapper.ClassPathMapperScanner - Skipping MapperFactoryBean with name 'configMapper' and 'com.stamper.yx.common.mapper.sqlite.ConfigMapper' mapperInterface. Bean already defined with the same name!
16:26:03.650 [main] WARN  o.m.s.mapper.ClassPathMapperScanner - Skipping MapperFactoryBean with name 'deviceMessageMapper' and 'com.stamper.yx.common.mapper.sqlite.DeviceMessageMapper' mapperInterface. Bean already defined with the same name!
16:26:03.650 [main] WARN  o.m.s.mapper.ClassPathMapperScanner - Skipping MapperFactoryBean with name 'meterMapper' and 'com.stamper.yx.common.mapper.sqlite.MeterMapper' mapperInterface. Bean already defined with the same name!
16:26:03.650 [main] WARN  o.m.s.mapper.ClassPathMapperScanner - Skipping MapperFactoryBean with name 'orderLogMapper' and 'com.stamper.yx.common.mapper.sqlite.OrderLogMapper' mapperInterface. Bean already defined with the same name!
16:26:03.650 [main] WARN  o.m.s.mapper.ClassPathMapperScanner - Skipping MapperFactoryBean with name 'signetMapper' and 'com.stamper.yx.common.mapper.sqlite.SignetMapper' mapperInterface. Bean already defined with the same name!
16:26:03.650 [main] WARN  o.m.s.mapper.ClassPathMapperScanner - Skipping MapperFactoryBean with name 'signetMeterMapper' and 'com.stamper.yx.common.mapper.sqlite.SignetMeterMapper' mapperInterface. Bean already defined with the same name!
16:26:03.650 [main] WARN  o.m.s.mapper.ClassPathMapperScanner - Skipping MapperFactoryBean with name 'userMapper' and 'com.stamper.yx.common.mapper.sqlite.UserMapper' mapperInterface. Bean already defined with the same name!
16:27:40.136 [main] WARN  o.m.s.mapper.ClassPathMapperScanner - Skipping MapperFactoryBean with name 'configMapper' and 'com.stamper.yx.common.mapper.sqlite.ConfigMapper' mapperInterface. Bean already defined with the same name!
16:27:40.136 [main] WARN  o.m.s.mapper.ClassPathMapperScanner - Skipping MapperFactoryBean with name 'deviceMessageMapper' and 'com.stamper.yx.common.mapper.sqlite.DeviceMessageMapper' mapperInterface. Bean already defined with the same name!
16:27:40.137 [main] WARN  o.m.s.mapper.ClassPathMapperScanner - Skipping MapperFactoryBean with name 'meterMapper' and 'com.stamper.yx.common.mapper.sqlite.MeterMapper' mapperInterface. Bean already defined with the same name!
16:27:40.137 [main] WARN  o.m.s.mapper.ClassPathMapperScanner - Skipping MapperFactoryBean with name 'orderLogMapper' and 'com.stamper.yx.common.mapper.sqlite.OrderLogMapper' mapperInterface. Bean already defined with the same name!
16:27:40.137 [main] WARN  o.m.s.mapper.ClassPathMapperScanner - Skipping MapperFactoryBean with name 'signetMapper' and 'com.stamper.yx.common.mapper.sqlite.SignetMapper' mapperInterface. Bean already defined with the same name!
16:27:40.137 [main] WARN  o.m.s.mapper.ClassPathMapperScanner - Skipping MapperFactoryBean with name 'signetMeterMapper' and 'com.stamper.yx.common.mapper.sqlite.SignetMeterMapper' mapperInterface. Bean already defined with the same name!
16:27:40.137 [main] WARN  o.m.s.mapper.ClassPathMapperScanner - Skipping MapperFactoryBean with name 'userMapper' and 'com.stamper.yx.common.mapper.sqlite.UserMapper' mapperInterface. Bean already defined with the same name!
16:31:39.655 [main] WARN  o.m.s.mapper.ClassPathMapperScanner - Skipping MapperFactoryBean with name 'configMapper' and 'com.stamper.yx.common.mapper.sqlite.ConfigMapper' mapperInterface. Bean already defined with the same name!
16:31:39.655 [main] WARN  o.m.s.mapper.ClassPathMapperScanner - Skipping MapperFactoryBean with name 'deviceMessageMapper' and 'com.stamper.yx.common.mapper.sqlite.DeviceMessageMapper' mapperInterface. Bean already defined with the same name!
16:31:39.656 [main] WARN  o.m.s.mapper.ClassPathMapperScanner - Skipping MapperFactoryBean with name 'meterMapper' and 'com.stamper.yx.common.mapper.sqlite.MeterMapper' mapperInterface. Bean already defined with the same name!
16:31:39.656 [main] WARN  o.m.s.mapper.ClassPathMapperScanner - Skipping MapperFactoryBean with name 'orderLogMapper' and 'com.stamper.yx.common.mapper.sqlite.OrderLogMapper' mapperInterface. Bean already defined with the same name!
16:31:39.656 [main] WARN  o.m.s.mapper.ClassPathMapperScanner - Skipping MapperFactoryBean with name 'signetMapper' and 'com.stamper.yx.common.mapper.sqlite.SignetMapper' mapperInterface. Bean already defined with the same name!
16:31:39.656 [main] WARN  o.m.s.mapper.ClassPathMapperScanner - Skipping MapperFactoryBean with name 'signetMeterMapper' and 'com.stamper.yx.common.mapper.sqlite.SignetMeterMapper' mapperInterface. Bean already defined with the same name!
16:31:39.656 [main] WARN  o.m.s.mapper.ClassPathMapperScanner - Skipping MapperFactoryBean with name 'userMapper' and 'com.stamper.yx.common.mapper.sqlite.UserMapper' mapperInterface. Bean already defined with the same name!
16:43:22.351 [main] WARN  o.m.s.mapper.ClassPathMapperScanner - Skipping MapperFactoryBean with name 'configMapper' and 'com.stamper.yx.common.mapper.sqlite.ConfigMapper' mapperInterface. Bean already defined with the same name!
16:43:22.351 [main] WARN  o.m.s.mapper.ClassPathMapperScanner - Skipping MapperFactoryBean with name 'deviceMessageMapper' and 'com.stamper.yx.common.mapper.sqlite.DeviceMessageMapper' mapperInterface. Bean already defined with the same name!
16:43:22.351 [main] WARN  o.m.s.mapper.ClassPathMapperScanner - Skipping MapperFactoryBean with name 'meterMapper' and 'com.stamper.yx.common.mapper.sqlite.MeterMapper' mapperInterface. Bean already defined with the same name!
16:43:22.352 [main] WARN  o.m.s.mapper.ClassPathMapperScanner - Skipping MapperFactoryBean with name 'orderLogMapper' and 'com.stamper.yx.common.mapper.sqlite.OrderLogMapper' mapperInterface. Bean already defined with the same name!
16:43:22.352 [main] WARN  o.m.s.mapper.ClassPathMapperScanner - Skipping MapperFactoryBean with name 'signetMapper' and 'com.stamper.yx.common.mapper.sqlite.SignetMapper' mapperInterface. Bean already defined with the same name!
16:43:22.352 [main] WARN  o.m.s.mapper.ClassPathMapperScanner - Skipping MapperFactoryBean with name 'signetMeterMapper' and 'com.stamper.yx.common.mapper.sqlite.SignetMeterMapper' mapperInterface. Bean already defined with the same name!
16:43:22.352 [main] WARN  o.m.s.mapper.ClassPathMapperScanner - Skipping MapperFactoryBean with name 'userMapper' and 'com.stamper.yx.common.mapper.sqlite.UserMapper' mapperInterface. Bean already defined with the same name!
16:44:23.674 [main] WARN  o.m.s.mapper.ClassPathMapperScanner - Skipping MapperFactoryBean with name 'configMapper' and 'com.stamper.yx.common.mapper.sqlite.ConfigMapper' mapperInterface. Bean already defined with the same name!
16:44:23.674 [main] WARN  o.m.s.mapper.ClassPathMapperScanner - Skipping MapperFactoryBean with name 'deviceMessageMapper' and 'com.stamper.yx.common.mapper.sqlite.DeviceMessageMapper' mapperInterface. Bean already defined with the same name!
16:44:23.675 [main] WARN  o.m.s.mapper.ClassPathMapperScanner - Skipping MapperFactoryBean with name 'meterMapper' and 'com.stamper.yx.common.mapper.sqlite.MeterMapper' mapperInterface. Bean already defined with the same name!
16:44:23.675 [main] WARN  o.m.s.mapper.ClassPathMapperScanner - Skipping MapperFactoryBean with name 'orderLogMapper' and 'com.stamper.yx.common.mapper.sqlite.OrderLogMapper' mapperInterface. Bean already defined with the same name!
16:44:23.675 [main] WARN  o.m.s.mapper.ClassPathMapperScanner - Skipping MapperFactoryBean with name 'signetMapper' and 'com.stamper.yx.common.mapper.sqlite.SignetMapper' mapperInterface. Bean already defined with the same name!
16:44:23.675 [main] WARN  o.m.s.mapper.ClassPathMapperScanner - Skipping MapperFactoryBean with name 'signetMeterMapper' and 'com.stamper.yx.common.mapper.sqlite.SignetMeterMapper' mapperInterface. Bean already defined with the same name!
16:44:23.675 [main] WARN  o.m.s.mapper.ClassPathMapperScanner - Skipping MapperFactoryBean with name 'userMapper' and 'com.stamper.yx.common.mapper.sqlite.UserMapper' mapperInterface. Bean already defined with the same name!
